This file contains any messages produced by compilers while
running configure, to aid debugging if configure makes a mistake.

It was created by configure, which was
generated by GNU Autoconf 2.59.  Invocation command line was

  $ ./configure --host=i486-linux-gnu --build=i486-linux-gnu --prefix=/usr --mandir=${prefix}/share/man --infodir=${prefix}/share/info

## --------- ##
## Platform. ##
## --------- ##

hostname = moro
uname -m = i686
uname -r = 2.6.12.2MORO
uname -s = Linux
uname -v = #1 Tue Jul 5 22:58:59 CLT 2005

/usr/bin/uname -p = unknown
/bin/uname -X     = unknown

/bin/arch              = i686
/usr/bin/arch -k       = unknown
/usr/convex/getsysinfo = unknown
hostinfo               = unknown
/bin/machine           = unknown
/usr/bin/oslevel       = unknown
/bin/universe          = unknown

PATH: /usr/sbin
PATH: /usr/bin
PATH: /sbin
PATH: /bin
PATH: /usr/bin/X11


## ----------- ##
## Core tests. ##
## ----------- ##

configure:1566: checking for a BSD-compatible install
configure:1621: result: /usr/bin/install -c
configure:1632: checking whether build environment is sane
configure:1675: result: yes
configure:1740: checking for gawk
configure:1769: result: no
configure:1740: checking for mawk
configure:1756: found /usr/bin/mawk
configure:1766: result: mawk
configure:1776: checking whether make sets $(MAKE)
configure:1796: result: yes
configure:1965: checking whether to enable maintainer-specific portions of Makefiles
configure:1974: result: no
configure:2002: checking for style of include used by make
configure:2030: result: GNU
configure:2063: checking for i486-linux-gnu-gcc
configure:2079: found /usr/bin/i486-linux-gnu-gcc
configure:2089: result: i486-linux-gnu-gcc
configure:2371: checking for C compiler version
configure:2374: i486-linux-gnu-gcc --version </dev/null >&5
i486-linux-gnu-gcc (GCC) 4.0.1 (Debian 4.0.1-2)
Copyright (C) 2005 Free Software Foundation, Inc.
This is free software; see the source for copying conditions.  There is NO
warranty; not even for MERCHANTABILITY or FITNESS FOR A PARTICULAR PURPOSE.

configure:2377: $? = 0
configure:2379: i486-linux-gnu-gcc -v </dev/null >&5
Using built-in specs.
Target: i486-linux-gnu
Configured with: ../src/configure -v --enable-languages=c,c++,java,f95,objc,ada,treelang --prefix=/usr --enable-shared --with-system-zlib --libexecdir=/usr/lib --enable-nls --without-included-gettext --enable-threads=posix --program-suffix=-4.0 --enable-__cxa_atexit --enable-libstdcxx-allocator=mt --enable-clocale=gnu --enable-libstdcxx-debug --enable-java-gc=boehm --enable-java-awt=gtk --with-java-home=/usr/lib/jvm/java-1.4.2-gcj-4.0-1.4.2.0/jre --enable-mpfr --disable-werror --enable-checking=release i486-linux-gnu
Thread model: posix
gcc version 4.0.1 (Debian 4.0.1-2)
configure:2382: $? = 0
configure:2384: i486-linux-gnu-gcc -V </dev/null >&5
i486-linux-gnu-gcc: '-V' option must have argument
configure:2387: $? = 1
configure:2410: checking for C compiler default output file name
configure:2413: i486-linux-gnu-gcc    conftest.c  >&5
configure:2416: $? = 0
configure:2462: result: a.out
configure:2467: checking whether the C compiler works
configure:2473: ./a.out
configure:2476: $? = 0
configure:2493: result: yes
configure:2500: checking whether we are cross compiling
configure:2502: result: no
configure:2505: checking for suffix of executables
configure:2507: i486-linux-gnu-gcc -o conftest    conftest.c  >&5
configure:2510: $? = 0
configure:2535: result: 
configure:2541: checking for suffix of object files
configure:2562: i486-linux-gnu-gcc -c   conftest.c >&5
configure:2565: $? = 0
configure:2587: result: o
configure:2591: checking whether we are using the GNU C compiler
configure:2615: i486-linux-gnu-gcc -c   conftest.c >&5
configure:2621: $? = 0
configure:2624: test -z 			 || test ! -s conftest.err
configure:2627: $? = 0
configure:2630: test -s conftest.o
configure:2633: $? = 0
configure:2646: result: yes
configure:2652: checking whether i486-linux-gnu-gcc accepts -g
configure:2673: i486-linux-gnu-gcc -c -g  conftest.c >&5
configure:2679: $? = 0
configure:2682: test -z 			 || test ! -s conftest.err
configure:2685: $? = 0
configure:2688: test -s conftest.o
configure:2691: $? = 0
configure:2702: result: yes
configure:2719: checking for i486-linux-gnu-gcc option to accept ANSI C
configure:2789: i486-linux-gnu-gcc  -c -g -O2  conftest.c >&5
configure:2795: $? = 0
configure:2798: test -z 			 || test ! -s conftest.err
configure:2801: $? = 0
configure:2804: test -s conftest.o
configure:2807: $? = 0
configure:2825: result: none needed
configure:2843: i486-linux-gnu-gcc -c -g -O2  conftest.c >&5
conftest.c:2: error: syntax error before 'me'
configure:2849: $? = 1
configure: failed program was:
| #ifndef __cplusplus
|   choke me
| #endif
configure:2981: checking dependency style of i486-linux-gnu-gcc
configure:3071: result: gcc3
configure:3094: checking how to run the C preprocessor
configure:3129: i486-linux-gnu-gcc -E  conftest.c
configure:3135: $? = 0
configure:3167: i486-linux-gnu-gcc -E  conftest.c
conftest.c:11:28: error: ac_nonexistent.h: No such file or directory
configure:3173: $? = 1
configure: failed program was:
| /* confdefs.h.  */
| 
| #define PACKAGE_NAME ""
| #define PACKAGE_TARNAME ""
| #define PACKAGE_VERSION ""
| #define PACKAGE_STRING ""
| #define PACKAGE_BUGREPORT ""
| #define PACKAGE "xfce4-screenshooter-plugin"
| #define VERSION "0.0.7"
| /* end confdefs.h.  */
| #include <ac_nonexistent.h>
configure:3212: result: i486-linux-gnu-gcc -E
configure:3236: i486-linux-gnu-gcc -E  conftest.c
configure:3242: $? = 0
configure:3274: i486-linux-gnu-gcc -E  conftest.c
conftest.c:11:28: error: ac_nonexistent.h: No such file or directory
configure:3280: $? = 1
configure: failed program was:
| /* confdefs.h.  */
| 
| #define PACKAGE_NAME ""
| #define PACKAGE_TARNAME ""
| #define PACKAGE_VERSION ""
| #define PACKAGE_STRING ""
| #define PACKAGE_BUGREPORT ""
| #define PACKAGE "xfce4-screenshooter-plugin"
| #define VERSION "0.0.7"
| /* end confdefs.h.  */
| #include <ac_nonexistent.h>
configure:3324: checking for egrep
configure:3334: result: grep -E
configure:3340: checking for AIX
configure:3362: result: no
configure:3368: checking for library containing strerror
configure:3398: i486-linux-gnu-gcc -o conftest -g -O2   conftest.c  >&5
configure:3404: $? = 0
configure:3407: test -z 			 || test ! -s conftest.err
configure:3410: $? = 0
configure:3413: test -s conftest
configure:3416: $? = 0
configure:3485: result: none required
configure:3492: checking for ANSI C header files
configure:3517: i486-linux-gnu-gcc -c -g -O2  conftest.c >&5
configure:3523: $? = 0
configure:3526: test -z 			 || test ! -s conftest.err
configure:3529: $? = 0
configure:3532: test -s conftest.o
configure:3535: $? = 0
configure:3624: i486-linux-gnu-gcc -o conftest -g -O2   conftest.c  >&5
conftest.c: In function 'main':
conftest.c:28: warning: incompatible implicit declaration of built-in function 'exit'
configure:3627: $? = 0
configure:3629: ./conftest
configure:3632: $? = 0
configure:3647: result: yes
configure:3671: checking for sys/types.h
configure:3687: i486-linux-gnu-gcc -c -g -O2  conftest.c >&5
configure:3693: $? = 0
configure:3696: test -z 			 || test ! -s conftest.err
configure:3699: $? = 0
configure:3702: test -s conftest.o
configure:3705: $? = 0
configure:3716: result: yes
configure:3671: checking for sys/stat.h
configure:3687: i486-linux-gnu-gcc -c -g -O2  conftest.c >&5
configure:3693: $? = 0
configure:3696: test -z 			 || test ! -s conftest.err
configure:3699: $? = 0
configure:3702: test -s conftest.o
configure:3705: $? = 0
configure:3716: result: yes
configure:3671: checking for stdlib.h
configure:3687: i486-linux-gnu-gcc -c -g -O2  conftest.c >&5
configure:3693: $? = 0
configure:3696: test -z 			 || test ! -s conftest.err
configure:3699: $? = 0
configure:3702: test -s conftest.o
configure:3705: $? = 0
configure:3716: result: yes
configure:3671: checking for string.h
configure:3687: i486-linux-gnu-gcc -c -g -O2  conftest.c >&5
configure:3693: $? = 0
configure:3696: test -z 			 || test ! -s conftest.err
configure:3699: $? = 0
configure:3702: test -s conftest.o
configure:3705: $? = 0
configure:3716: result: yes
configure:3671: checking for memory.h
configure:3687: i486-linux-gnu-gcc -c -g -O2  conftest.c >&5
configure:3693: $? = 0
configure:3696: test -z 			 || test ! -s conftest.err
configure:3699: $? = 0
configure:3702: test -s conftest.o
configure:3705: $? = 0
configure:3716: result: yes
configure:3671: checking for strings.h
configure:3687: i486-linux-gnu-gcc -c -g -O2  conftest.c >&5
configure:3693: $? = 0
configure:3696: test -z 			 || test ! -s conftest.err
configure:3699: $? = 0
configure:3702: test -s conftest.o
configure:3705: $? = 0
configure:3716: result: yes
configure:3671: checking for inttypes.h
configure:3687: i486-linux-gnu-gcc -c -g -O2  conftest.c >&5
configure:3693: $? = 0
configure:3696: test -z 			 || test ! -s conftest.err
configure:3699: $? = 0
configure:3702: test -s conftest.o
configure:3705: $? = 0
configure:3716: result: yes
configure:3671: checking for stdint.h
configure:3687: i486-linux-gnu-gcc -c -g -O2  conftest.c >&5
configure:3693: $? = 0
configure:3696: test -z 			 || test ! -s conftest.err
configure:3699: $? = 0
configure:3702: test -s conftest.o
configure:3705: $? = 0
configure:3716: result: yes
configure:3671: checking for unistd.h
configure:3687: i486-linux-gnu-gcc -c -g -O2  conftest.c >&5
configure:3693: $? = 0
configure:3696: test -z 			 || test ! -s conftest.err
configure:3699: $? = 0
configure:3702: test -s conftest.o
configure:3705: $? = 0
configure:3716: result: yes
configure:3738: checking minix/config.h usability
configure:3750: i486-linux-gnu-gcc -c -g -O2  conftest.c >&5
conftest.c:55:26: error: minix/config.h: No such file or directory
configure:3756: $? = 1
configure: failed program was:
| /* confdefs.h.  */
| 
| #define PACKAGE_NAME ""
| #define PACKAGE_TARNAME ""
| #define PACKAGE_VERSION ""
| #define PACKAGE_STRING ""
| #define PACKAGE_BUGREPORT ""
| #define PACKAGE "xfce4-screenshooter-plugin"
| #define VERSION "0.0.7"
| #define STDC_HEADERS 1
| #define HAVE_SYS_TYPES_H 1
| #define HAVE_SYS_STAT_H 1
| #define HAVE_STDLIB_H 1
| #define HAVE_STRING_H 1
| #define HAVE_MEMORY_H 1
| #define HAVE_STRINGS_H 1
| #define HAVE_INTTYPES_H 1
| #define HAVE_STDINT_H 1
| #define HAVE_UNISTD_H 1
| /* end confdefs.h.  */
| #include <stdio.h>
| #if HAVE_SYS_TYPES_H
| # include <sys/types.h>
| #endif
| #if HAVE_SYS_STAT_H
| # include <sys/stat.h>
| #endif
| #if STDC_HEADERS
| # include <stdlib.h>
| # include <stddef.h>
| #else
| # if HAVE_STDLIB_H
| #  include <stdlib.h>
| # endif
| #endif
| #if HAVE_STRING_H
| # if !STDC_HEADERS && HAVE_MEMORY_H
| #  include <memory.h>
| # endif
| # include <string.h>
| #endif
| #if HAVE_STRINGS_H
| # include <strings.h>
| #endif
| #if HAVE_INTTYPES_H
| # include <inttypes.h>
| #else
| # if HAVE_STDINT_H
| #  include <stdint.h>
| # endif
| #endif
| #if HAVE_UNISTD_H
| # include <unistd.h>
| #endif
| #include <minix/config.h>
configure:3778: result: no
configure:3782: checking minix/config.h presence
configure:3792: i486-linux-gnu-gcc -E  conftest.c
conftest.c:21:26: error: minix/config.h: No such file or directory
configure:3798: $? = 1
configure: failed program was:
| /* confdefs.h.  */
| 
| #define PACKAGE_NAME ""
| #define PACKAGE_TARNAME ""
| #define PACKAGE_VERSION ""
| #define PACKAGE_STRING ""
| #define PACKAGE_BUGREPORT ""
| #define PACKAGE "xfce4-screenshooter-plugin"
| #define VERSION "0.0.7"
| #define STDC_HEADERS 1
| #define HAVE_SYS_TYPES_H 1
| #define HAVE_SYS_STAT_H 1
| #define HAVE_STDLIB_H 1
| #define HAVE_STRING_H 1
| #define HAVE_MEMORY_H 1
| #define HAVE_STRINGS_H 1
| #define HAVE_INTTYPES_H 1
| #define HAVE_STDINT_H 1
| #define HAVE_UNISTD_H 1
| /* end confdefs.h.  */
| #include <minix/config.h>
configure:3818: result: no
configure:3853: checking for minix/config.h
configure:3860: result: no
configure:3898: checking for i486-linux-gnu-gcc
configure:3924: result: i486-linux-gnu-gcc
configure:4206: checking for C compiler version
configure:4209: i486-linux-gnu-gcc --version </dev/null >&5
i486-linux-gnu-gcc (GCC) 4.0.1 (Debian 4.0.1-2)
Copyright (C) 2005 Free Software Foundation, Inc.
This is free software; see the source for copying conditions.  There is NO
warranty; not even for MERCHANTABILITY or FITNESS FOR A PARTICULAR PURPOSE.

configure:4212: $? = 0
configure:4214: i486-linux-gnu-gcc -v </dev/null >&5
Using built-in specs.
Target: i486-linux-gnu
Configured with: ../src/configure -v --enable-languages=c,c++,java,f95,objc,ada,treelang --prefix=/usr --enable-shared --with-system-zlib --libexecdir=/usr/lib --enable-nls --without-included-gettext --enable-threads=posix --program-suffix=-4.0 --enable-__cxa_atexit --enable-libstdcxx-allocator=mt --enable-clocale=gnu --enable-libstdcxx-debug --enable-java-gc=boehm --enable-java-awt=gtk --with-java-home=/usr/lib/jvm/java-1.4.2-gcj-4.0-1.4.2.0/jre --enable-mpfr --disable-werror --enable-checking=release i486-linux-gnu
Thread model: posix
gcc version 4.0.1 (Debian 4.0.1-2)
configure:4217: $? = 0
configure:4219: i486-linux-gnu-gcc -V </dev/null >&5
i486-linux-gnu-gcc: '-V' option must have argument
configure:4222: $? = 1
configure:4225: checking whether we are using the GNU C compiler
configure:4280: result: yes
configure:4286: checking whether i486-linux-gnu-gcc accepts -g
configure:4336: result: yes
configure:4353: checking for i486-linux-gnu-gcc option to accept ANSI C
configure:4459: result: none needed
configure:4477: i486-linux-gnu-gcc -c -g -O2  conftest.c >&5
conftest.c:2: error: syntax error before 'me'
configure:4483: $? = 1
configure: failed program was:
| #ifndef __cplusplus
|   choke me
| #endif
configure:4615: checking dependency style of i486-linux-gnu-gcc
configure:4705: result: gcc3
configure:4735: checking for a BSD-compatible install
configure:4790: result: /usr/bin/install -c
configure:4879: checking build system type
configure:4897: result: i486-pc-linux-gnu
configure:4905: checking host system type
configure:4919: result: i486-pc-linux-gnu
configure:4927: checking for a sed that does not truncate output
configure:4981: result: /bin/sed
configure:4995: checking for ld used by i486-linux-gnu-gcc
configure:5062: result: /usr/bin/ld
configure:5071: checking if the linker (/usr/bin/ld) is GNU ld
configure:5086: result: yes
configure:5091: checking for /usr/bin/ld option to reload object files
configure:5098: result: -r
configure:5107: checking for BSD-compatible nm
configure:5149: result: nm
configure:5153: checking whether ln -s works
configure:5157: result: yes
configure:5164: checking how to recognise dependent libraries
configure:5338: result: pass_all
configure:5559: checking dlfcn.h usability
configure:5571: i486-linux-gnu-gcc -c -g -O2  conftest.c >&5
configure:5577: $? = 0
configure:5580: test -z 			 || test ! -s conftest.err
configure:5583: $? = 0
configure:5586: test -s conftest.o
configure:5589: $? = 0
configure:5599: result: yes
configure:5603: checking dlfcn.h presence
configure:5613: i486-linux-gnu-gcc -E  conftest.c
configure:5619: $? = 0
configure:5639: result: yes
configure:5674: checking for dlfcn.h
configure:5681: result: yes
configure:5704: checking for i486-linux-gnu-g++
configure:5720: found /usr/bin/i486-linux-gnu-g++
configure:5730: result: i486-linux-gnu-g++
configure:5788: checking for C++ compiler version
configure:5791: i486-linux-gnu-g++ --version </dev/null >&5
i486-linux-gnu-g++ (GCC) 4.0.1 (Debian 4.0.1-2)
Copyright (C) 2005 Free Software Foundation, Inc.
This is free software; see the source for copying conditions.  There is NO
warranty; not even for MERCHANTABILITY or FITNESS FOR A PARTICULAR PURPOSE.

configure:5794: $? = 0
configure:5796: i486-linux-gnu-g++ -v </dev/null >&5
Using built-in specs.
Target: i486-linux-gnu
Configured with: ../src/configure -v --enable-languages=c,c++,java,f95,objc,ada,treelang --prefix=/usr --enable-shared --with-system-zlib --libexecdir=/usr/lib --enable-nls --without-included-gettext --enable-threads=posix --program-suffix=-4.0 --enable-__cxa_atexit --enable-libstdcxx-allocator=mt --enable-clocale=gnu --enable-libstdcxx-debug --enable-java-gc=boehm --enable-java-awt=gtk --with-java-home=/usr/lib/jvm/java-1.4.2-gcj-4.0-1.4.2.0/jre --enable-mpfr --disable-werror --enable-checking=release i486-linux-gnu
Thread model: posix
gcc version 4.0.1 (Debian 4.0.1-2)
configure:5799: $? = 0
configure:5801: i486-linux-gnu-g++ -V </dev/null >&5
i486-linux-gnu-g++: '-V' option must have argument
configure:5804: $? = 1
configure:5807: checking whether we are using the GNU C++ compiler
configure:5831: i486-linux-gnu-g++ -c   conftest.cc >&5
configure:5837: $? = 0
configure:5840: test -z 			 || test ! -s conftest.err
configure:5843: $? = 0
configure:5846: test -s conftest.o
configure:5849: $? = 0
configure:5862: result: yes
configure:5868: checking whether i486-linux-gnu-g++ accepts -g
configure:5889: i486-linux-gnu-g++ -c -g  conftest.cc >&5
configure:5895: $? = 0
configure:5898: test -z 			 || test ! -s conftest.err
configure:5901: $? = 0
configure:5904: test -s conftest.o
configure:5907: $? = 0
configure:5918: result: yes
configure:5960: i486-linux-gnu-g++ -c -g -O2  conftest.cc >&5
configure:5966: $? = 0
configure:5969: test -z 			 || test ! -s conftest.err
configure:5972: $? = 0
configure:5975: test -s conftest.o
configure:5978: $? = 0
configure:6004: i486-linux-gnu-g++ -c -g -O2  conftest.cc >&5
conftest.cc: In function 'int main()':
conftest.cc:26: error: 'exit' was not declared in this scope
configure:6010: $? = 1
configure: failed program was:
| /* confdefs.h.  */
| 
| #define PACKAGE_NAME ""
| #define PACKAGE_TARNAME ""
| #define PACKAGE_VERSION ""
| #define PACKAGE_STRING ""
| #define PACKAGE_BUGREPORT ""
| #define PACKAGE "xfce4-screenshooter-plugin"
| #define VERSION "0.0.7"
| #define STDC_HEADERS 1
| #define HAVE_SYS_TYPES_H 1
| #define HAVE_SYS_STAT_H 1
| #define HAVE_STDLIB_H 1
| #define HAVE_STRING_H 1
| #define HAVE_MEMORY_H 1
| #define HAVE_STRINGS_H 1
| #define HAVE_INTTYPES_H 1
| #define HAVE_STDINT_H 1
| #define HAVE_UNISTD_H 1
| #define HAVE_DLFCN_H 1
| /* end confdefs.h.  */
| 
| int
| main ()
| {
| exit (42);
|   ;
|   return 0;
| }
configure:5960: i486-linux-gnu-g++ -c -g -O2  conftest.cc >&5
configure:5966: $? = 0
configure:5969: test -z 			 || test ! -s conftest.err
configure:5972: $? = 0
configure:5975: test -s conftest.o
configure:5978: $? = 0
configure:6004: i486-linux-gnu-g++ -c -g -O2  conftest.cc >&5
configure:6010: $? = 0
configure:6013: test -z 			 || test ! -s conftest.err
configure:6016: $? = 0
configure:6019: test -s conftest.o
configure:6022: $? = 0
configure:6047: checking dependency style of i486-linux-gnu-g++
configure:6137: result: gcc3
configure:6159: checking how to run the C++ preprocessor
configure:6190: i486-linux-gnu-g++ -E  conftest.cc
configure:6196: $? = 0
configure:6228: i486-linux-gnu-g++ -E  conftest.cc
conftest.cc:25:28: error: ac_nonexistent.h: No such file or directory
configure:6234: $? = 1
configure: failed program was:
| /* confdefs.h.  */
| 
| #define PACKAGE_NAME ""
| #define PACKAGE_TARNAME ""
| #define PACKAGE_VERSION ""
| #define PACKAGE_STRING ""
| #define PACKAGE_BUGREPORT ""
| #define PACKAGE "xfce4-screenshooter-plugin"
| #define VERSION "0.0.7"
| #define STDC_HEADERS 1
| #define HAVE_SYS_TYPES_H 1
| #define HAVE_SYS_STAT_H 1
| #define HAVE_STDLIB_H 1
| #define HAVE_STRING_H 1
| #define HAVE_MEMORY_H 1
| #define HAVE_STRINGS_H 1
| #define HAVE_INTTYPES_H 1
| #define HAVE_STDINT_H 1
| #define HAVE_UNISTD_H 1
| #define HAVE_DLFCN_H 1
| #ifdef __cplusplus
| extern "C" void std::exit (int) throw (); using std::exit;
| #endif
| /* end confdefs.h.  */
| #include <ac_nonexistent.h>
configure:6273: result: i486-linux-gnu-g++ -E
configure:6297: i486-linux-gnu-g++ -E  conftest.cc
configure:6303: $? = 0
configure:6335: i486-linux-gnu-g++ -E  conftest.cc
conftest.cc:25:28: error: ac_nonexistent.h: No such file or directory
configure:6341: $? = 1
configure: failed program was:
| /* confdefs.h.  */
| 
| #define PACKAGE_NAME ""
| #define PACKAGE_TARNAME ""
| #define PACKAGE_VERSION ""
| #define PACKAGE_STRING ""
| #define PACKAGE_BUGREPORT ""
| #define PACKAGE "xfce4-screenshooter-plugin"
| #define VERSION "0.0.7"
| #define STDC_HEADERS 1
| #define HAVE_SYS_TYPES_H 1
| #define HAVE_SYS_STAT_H 1
| #define HAVE_STDLIB_H 1
| #define HAVE_STRING_H 1
| #define HAVE_MEMORY_H 1
| #define HAVE_STRINGS_H 1
| #define HAVE_INTTYPES_H 1
| #define HAVE_STDINT_H 1
| #define HAVE_UNISTD_H 1
| #define HAVE_DLFCN_H 1
| #ifdef __cplusplus
| extern "C" void std::exit (int) throw (); using std::exit;
| #endif
| /* end confdefs.h.  */
| #include <ac_nonexistent.h>
configure:6394: checking for i486-linux-gnu-g77
configure:6423: result: no
configure:6394: checking for i486-linux-gnu-f77
configure:6423: result: no
configure:6394: checking for i486-linux-gnu-xlf
configure:6423: result: no
configure:6394: checking for i486-linux-gnu-frt
configure:6423: result: no
configure:6394: checking for i486-linux-gnu-pgf77
configure:6423: result: no
configure:6394: checking for i486-linux-gnu-fort77
configure:6423: result: no
configure:6394: checking for i486-linux-gnu-fl32
configure:6423: result: no
configure:6394: checking for i486-linux-gnu-af77
configure:6423: result: no
configure:6394: checking for i486-linux-gnu-f90
configure:6423: result: no
configure:6394: checking for i486-linux-gnu-xlf90
configure:6423: result: no
configure:6394: checking for i486-linux-gnu-pgf90
configure:6423: result: no
configure:6394: checking for i486-linux-gnu-epcf90
configure:6423: result: no
configure:6394: checking for i486-linux-gnu-f95
configure:6423: result: no
configure:6394: checking for i486-linux-gnu-fort
configure:6423: result: no
configure:6394: checking for i486-linux-gnu-xlf95
configure:6423: result: no
configure:6394: checking for i486-linux-gnu-ifc
configure:6423: result: no
configure:6394: checking for i486-linux-gnu-efc
configure:6423: result: no
configure:6394: checking for i486-linux-gnu-pgf95
configure:6423: result: no
configure:6394: checking for i486-linux-gnu-lf95
configure:6423: result: no
configure:6394: checking for i486-linux-gnu-gfortran
configure:6423: result: no
configure:6436: checking for g77
configure:6465: result: no
configure:6436: checking for f77
configure:6465: result: no
configure:6436: checking for xlf
configure:6465: result: no
configure:6436: checking for frt
configure:6465: result: no
configure:6436: checking for pgf77
configure:6465: result: no
configure:6436: checking for fort77
configure:6465: result: no
configure:6436: checking for fl32
configure:6465: result: no
configure:6436: checking for af77
configure:6465: result: no
configure:6436: checking for f90
configure:6465: result: no
configure:6436: checking for xlf90
configure:6465: result: no
configure:6436: checking for pgf90
configure:6465: result: no
configure:6436: checking for epcf90
configure:6465: result: no
configure:6436: checking for f95
configure:6465: result: no
configure:6436: checking for fort
configure:6465: result: no
configure:6436: checking for xlf95
configure:6465: result: no
configure:6436: checking for ifc
configure:6465: result: no
configure:6436: checking for efc
configure:6465: result: no
configure:6436: checking for pgf95
configure:6465: result: no
configure:6436: checking for lf95
configure:6465: result: no
configure:6436: checking for gfortran
configure:6465: result: no
configure:6477: checking for Fortran 77 compiler version
configure:6480:  --version </dev/null >&5
./configure: line 6481: --version: command not found
configure:6483: $? = 127
configure:6485:  -v </dev/null >&5
./configure: line 6486: -v: command not found
configure:6488: $? = 127
configure:6490:  -V </dev/null >&5
./configure: line 6491: -V: command not found
configure:6493: $? = 127
configure:6501: checking whether we are using the GNU Fortran 77 compiler
configure:6515:  -c  conftest.F >&5
./configure: line 6516: -c: command not found
configure:6521: $? = 127
configure: failed program was:
|       program main
| #ifndef __GNUC__
|        choke me
| #endif
| 
|       end
configure:6546: result: no
configure:6552: checking whether  accepts -g
configure:6564:  -c -g conftest.f >&5
./configure: line 6565: -c: command not found
configure:6570: $? = 127
configure: failed program was:
|       program main
| 
|       end
configure:6594: result: no
configure:6624: checking the maximum length of command line arguments
configure:6689: result: 32768
configure:6700: checking command to parse nm output from i486-linux-gnu-gcc object
configure:6789: i486-linux-gnu-gcc -c -g -O2  conftest.c >&5
configure:6792: $? = 0
configure:6796: nm conftest.o \| sed -n -e 's/^.*[ 	]\([ABCDGIRSTW][ABCDGIRSTW]*\)[ 	][ 	]*\(\)\([_A-Za-z][_A-Za-z0-9]*\)$/\1 \2\3 \3/p' \> conftest.nm
configure:6799: $? = 0
configure:6851: i486-linux-gnu-gcc -o conftest -g -O2   conftest.c conftstm.o >&5
configure:6854: $? = 0
configure:6892: result: ok
configure:6896: checking for objdir
configure:6911: result: .libs
configure:6963: checking for i486-linux-gnu-ar
configure:6992: result: no
configure:7001: checking for ar
configure:7017: found /usr/bin/ar
configure:7028: result: ar
configure:7043: checking for i486-linux-gnu-ranlib
configure:7072: result: no
configure:7081: checking for ranlib
configure:7097: found /usr/bin/ranlib
configure:7108: result: ranlib
configure:7123: checking for i486-linux-gnu-strip
configure:7152: result: no
configure:7161: checking for strip
configure:7177: found /usr/bin/strip
configure:7188: result: strip
configure:7450: checking if i486-linux-gnu-gcc static flag  works
configure:7473: result: yes
configure:7491: checking if i486-linux-gnu-gcc supports -fno-rtti -fno-exceptions
configure:7509: i486-linux-gnu-gcc -c -g -O2  -fno-rtti -fno-exceptions conftest.c >&5
cc1: warning: command line option "-fno-rtti" is valid for C++/ObjC++ but not for C
configure:7513: $? = 0
configure:7524: result: no
configure:7539: checking for i486-linux-gnu-gcc option to produce PIC
configure:7716: result: -fPIC
configure:7724: checking if i486-linux-gnu-gcc PIC flag -fPIC works
configure:7742: i486-linux-gnu-gcc -c -g -O2  -fPIC -DPIC conftest.c >&5
configure:7746: $? = 0
configure:7757: result: yes
configure:7781: checking if i486-linux-gnu-gcc supports -c -o file.o
configure:7802: i486-linux-gnu-gcc -c -g -O2  -o out/conftest2.o conftest.c >&5
configure:7806: $? = 0
configure:7826: result: yes
configure:7852: checking whether the i486-linux-gnu-gcc linker (/usr/bin/ld) supports shared libraries
configure:8699: result: yes
configure:8725: checking whether -lc should be explicitly linked in
configure:8730: i486-linux-gnu-gcc -c -g -O2  conftest.c >&5
configure:8733: $? = 0
configure:8747: i486-linux-gnu-gcc -shared conftest.o  -v -Wl,-soname -Wl,conftest -o conftest 2\>\&1 \| grep  -lc  \>/dev/null 2\>\&1
configure:8750: $? = 0
configure:8762: result: no
configure:8770: checking dynamic linker characteristics
configure:9322: result: GNU/Linux ld.so
configure:9326: checking how to hardcode library paths into programs
configure:9351: result: immediate
configure:9365: checking whether stripping libraries is possible
configure:9370: result: yes
configure:10193: checking if libtool supports shared libraries
configure:10195: result: yes
configure:10198: checking whether to build shared libraries
configure:10256: result: yes
configure:10259: checking whether to build static libraries
configure:10263: result: yes
configure:10355: creating libtool
configure:10902: checking for ld used by i486-linux-gnu-g++
configure:10969: result: /usr/bin/ld
configure:10978: checking if the linker (/usr/bin/ld) is GNU ld
configure:10993: result: yes
configure:11044: checking whether the i486-linux-gnu-g++ linker (/usr/bin/ld) supports shared libraries
configure:11870: result: yes
configure:11888: i486-linux-gnu-g++ -c -g -O2  conftest.cc >&5
configure:11891: $? = 0
configure:11987: checking for i486-linux-gnu-g++ option to produce PIC
configure:12239: result: -fPIC
configure:12247: checking if i486-linux-gnu-g++ PIC flag -fPIC works
configure:12265: i486-linux-gnu-g++ -c -g -O2  -fPIC -DPIC conftest.cc >&5
configure:12269: $? = 0
configure:12280: result: yes
configure:12304: checking if i486-linux-gnu-g++ supports -c -o file.o
configure:12325: i486-linux-gnu-g++ -c -g -O2  -o out/conftest2.o conftest.cc >&5
configure:12329: $? = 0
configure:12349: result: yes
configure:12375: checking whether the i486-linux-gnu-g++ linker (/usr/bin/ld) supports shared libraries
configure:12403: result: yes
configure:12474: checking dynamic linker characteristics
configure:13026: result: GNU/Linux ld.so
configure:13030: checking how to hardcode library paths into programs
configure:13055: result: immediate
configure:13069: checking whether stripping libraries is possible
configure:13074: result: yes
configure:20318: checking for ANSI C header files
configure:20473: result: yes
configure:20490: checking for i486-linux-gnu-pkg-config
configure:20523: result: no
configure:20532: checking for pkg-config
configure:20550: found /usr/bin/pkg-config
configure:20562: result: /usr/bin/pkg-config
configure:20577: checking pkg-config is at least version 0.9.0
configure:20580: result: yes
configure:20593: checking for XFCE4_PANEL
configure:20598: $PKG_CONFIG --exists --print-errors "xfce4-panel-1.0 >= 0.10.1"
configure:20601: $? = 0
configure:20612: $PKG_CONFIG --exists --print-errors "xfce4-panel-1.0 >= 0.10.1"
configure:20615: $? = 0
configure:20676: checking where to install panel plugins
configure:20680: result: /usr/lib/xfce4/panel-plugins
configure:20693: checking whether to build with debugging support
configure:20716: result: no
configure:20728: checking whether to build with profiling support
configure:20735: result: no
configure:20747: checking whether to enable assert statements
configure:20754: result: yes
configure:20890: creating ./config.status

## ---------------------- ##
## Running config.status. ##
## ---------------------- ##

This file was extended by config.status, which was
generated by GNU Autoconf 2.59.  Invocation command line was

  CONFIG_FILES    = 
  CONFIG_HEADERS  = 
  CONFIG_LINKS    = 
  CONFIG_COMMANDS = 
  $ ./config.status 

on moro

config.status:763: creating Makefile
config.status:763: creating panel-plugin/Makefile
config.status:829: creating config.h
config.status:1119: executing depfiles commands

## ---------------- ##
## Cache variables. ##
## ---------------- ##

ac_cv_build=i486-pc-linux-gnu
ac_cv_build_alias=i486-linux-gnu
ac_cv_c_compiler_gnu=yes
ac_cv_cxx_compiler_gnu=yes
ac_cv_env_CC_set=
ac_cv_env_CC_value=
ac_cv_env_CFLAGS_set=
ac_cv_env_CFLAGS_value=
ac_cv_env_CPPFLAGS_set=
ac_cv_env_CPPFLAGS_value=
ac_cv_env_CPP_set=
ac_cv_env_CPP_value=
ac_cv_env_CXXCPP_set=
ac_cv_env_CXXCPP_value=
ac_cv_env_CXXFLAGS_set=
ac_cv_env_CXXFLAGS_value=
ac_cv_env_CXX_set=
ac_cv_env_CXX_value=
ac_cv_env_F77_set=
ac_cv_env_F77_value=
ac_cv_env_FFLAGS_set=
ac_cv_env_FFLAGS_value=
ac_cv_env_LDFLAGS_set=
ac_cv_env_LDFLAGS_value=
ac_cv_env_PKG_CONFIG_set=
ac_cv_env_PKG_CONFIG_value=
ac_cv_env_XFCE4_PANEL_CFLAGS_set=
ac_cv_env_XFCE4_PANEL_CFLAGS_value=
ac_cv_env_XFCE4_PANEL_LIBS_set=
ac_cv_env_XFCE4_PANEL_LIBS_value=
ac_cv_env_build_alias_set=set
ac_cv_env_build_alias_value=i486-linux-gnu
ac_cv_env_host_alias_set=set
ac_cv_env_host_alias_value=i486-linux-gnu
ac_cv_env_target_alias_set=
ac_cv_env_target_alias_value=
ac_cv_exeext=
ac_cv_f77_compiler_gnu=no
ac_cv_header_dlfcn_h=yes
ac_cv_header_inttypes_h=yes
ac_cv_header_memory_h=yes
ac_cv_header_minix_config_h=no
ac_cv_header_stdc=yes
ac_cv_header_stdint_h=yes
ac_cv_header_stdlib_h=yes
ac_cv_header_string_h=yes
ac_cv_header_strings_h=yes
ac_cv_header_sys_stat_h=yes
ac_cv_header_sys_types_h=yes
ac_cv_header_unistd_h=yes
ac_cv_host=i486-pc-linux-gnu
ac_cv_host_alias=i486-linux-gnu
ac_cv_objext=o
ac_cv_path_ac_pt_PKG_CONFIG=/usr/bin/pkg-config
ac_cv_path_install='/usr/bin/install -c'
ac_cv_prog_AWK=mawk
ac_cv_prog_CC=i486-linux-gnu-gcc
ac_cv_prog_CPP='i486-linux-gnu-gcc -E'
ac_cv_prog_CXX=i486-linux-gnu-g++
ac_cv_prog_CXXCPP='i486-linux-gnu-g++ -E'
ac_cv_prog_ac_ct_AR=ar
ac_cv_prog_ac_ct_RANLIB=ranlib
ac_cv_prog_ac_ct_STRIP=strip
ac_cv_prog_cc_g=yes
ac_cv_prog_cc_stdc=
ac_cv_prog_cxx_g=yes
ac_cv_prog_egrep='grep -E'
ac_cv_prog_f77_g=no
ac_cv_prog_make_make_set=yes
ac_cv_search_strerror='none required'
am_cv_CC_dependencies_compiler_type=gcc3
am_cv_CXX_dependencies_compiler_type=gcc3
lt_cv_deplibs_check_method=pass_all
lt_cv_file_magic_cmd='$MAGIC_CMD'
lt_cv_file_magic_test_file=
lt_cv_ld_reload_flag=-r
lt_cv_objdir=.libs
lt_cv_path_LD=/usr/bin/ld
lt_cv_path_LDCXX=/usr/bin/ld
lt_cv_path_NM=nm
lt_cv_path_SED=/bin/sed
lt_cv_prog_compiler_c_o=yes
lt_cv_prog_compiler_c_o_CXX=yes
lt_cv_prog_compiler_rtti_exceptions=no
lt_cv_prog_gnu_ld=yes
lt_cv_prog_gnu_ldcxx=yes
lt_cv_sys_global_symbol_pipe='sed -n -e '\''s/^.*[ 	]\([ABCDGIRSTW][ABCDGIRSTW]*\)[ 	][ 	]*\(\)\([_A-Za-z][_A-Za-z0-9]*\)$/\1 \2\3 \3/p'\'''
lt_cv_sys_global_symbol_to_c_name_address='sed -n -e '\''s/^: \([^ ]*\) $/  {\"\1\", (lt_ptr) 0},/p'\'' -e '\''s/^[BCDEGRST] \([^ ]*\) \([^ ]*\)$/  {"\2", (lt_ptr) \&\2},/p'\'''
lt_cv_sys_global_symbol_to_cdecl='sed -n -e '\''s/^. .* \(.*\)$/extern int \1;/p'\'''
lt_cv_sys_max_cmd_len=32768
lt_lt_cv_prog_compiler_c_o='"yes"'
lt_lt_cv_prog_compiler_c_o_CXX='"yes"'
lt_lt_cv_sys_global_symbol_pipe='"sed -n -e '\''s/^.*[ 	]\\([ABCDGIRSTW][ABCDGIRSTW]*\\)[ 	][ 	]*\\(\\)\\([_A-Za-z][_A-Za-z0-9]*\\)\$/\\1 \\2\\3 \\3/p'\''"'
lt_lt_cv_sys_global_symbol_to_c_name_address='"sed -n -e '\''s/^: \\([^ ]*\\) \$/  {\\\"\\1\\\", (lt_ptr) 0},/p'\'' -e '\''s/^[BCDEGRST] \\([^ ]*\\) \\([^ ]*\\)\$/  {\"\\2\", (lt_ptr) \\&\\2},/p'\''"'
lt_lt_cv_sys_global_symbol_to_cdecl='"sed -n -e '\''s/^. .* \\(.*\\)\$/extern int \\1;/p'\''"'
pkg_cv_XFCE4_PANEL_CFLAGS='-DXTHREADS -I/usr/include/xfce4 -I/usr/X11R6/include -I/usr/include/libxml2 -I/usr/include/gtk-2.0 -I/usr/lib/gtk-2.0/include -I/usr/include/pango-1.0 -I/usr/include/freetype2 -I/usr/include/glib-2.0 -I/usr/lib/glib-2.0/include -I/usr/include/atk-1.0  '
pkg_cv_XFCE4_PANEL_LIBS='-L/usr/X11R6/lib -lxfcegui4 -lxml2 -lz -lgtk-x11-2.0 -lxfce4util -lgdk-x11-2.0 -latk-1.0 -lgdk_pixbuf-2.0 -lm -lpangoxft-1.0 -lpangox-1.0 -lpango-1.0 -lgobject-2.0 -lgmodule-2.0 -ldl -lglib-2.0  '

## ----------------- ##
## Output variables. ##
## ----------------- ##

ACLOCAL='${SHELL} /home/dbl/devel/xfce4-screenshooter-plugin/missing --run aclocal-1.9'
AMDEPBACKSLASH='\'
AMDEP_FALSE='#'
AMDEP_TRUE=''
AMTAR='${SHELL} /home/dbl/devel/xfce4-screenshooter-plugin/missing --run tar'
AR='ar'
AUTOCONF='${SHELL} /home/dbl/devel/xfce4-screenshooter-plugin/missing --run autoconf'
AUTOHEADER='${SHELL} /home/dbl/devel/xfce4-screenshooter-plugin/missing --run autoheader'
AUTOMAKE='${SHELL} /home/dbl/devel/xfce4-screenshooter-plugin/missing --run automake-1.9'
AWK='mawk'
CC='i486-linux-gnu-gcc'
CCDEPMODE='depmode=gcc3'
CFLAGS='-g -O2'
CPP='i486-linux-gnu-gcc -E'
CPPFLAGS=''
CXX='i486-linux-gnu-g++'
CXXCPP='i486-linux-gnu-g++ -E'
CXXDEPMODE='depmode=gcc3'
CXXFLAGS='-g -O2'
CYGPATH_W='echo'
DEFS='-DHAVE_CONFIG_H'
DEPDIR='.deps'
ECHO='echo'
ECHO_C=''
ECHO_N='-n'
ECHO_T=''
EGREP='grep -E'
EXEEXT=''
F77=''
FFLAGS=''
INSTALL_DATA='${INSTALL} -m 644'
INSTALL_PROGRAM='${INSTALL}'
INSTALL_SCRIPT='${INSTALL}'
INSTALL_STRIP_PROGRAM='${SHELL} $(install_sh) -c -s'
LDFLAGS=''
LIBOBJS=''
LIBS=''
LIBTOOL='$(SHELL) $(top_builddir)/libtool'
LN_S='ln -s'
LTLIBOBJS=''
MAINT='#'
MAINTAINER_MODE_FALSE=''
MAINTAINER_MODE_TRUE='#'
MAKEINFO='${SHELL} /home/dbl/devel/xfce4-screenshooter-plugin/missing --run makeinfo'
OBJEXT='o'
PACKAGE='xfce4-screenshooter-plugin'
PACKAGE_BUGREPORT=''
PACKAGE_NAME=''
PACKAGE_STRING=''
PACKAGE_TARNAME=''
PACKAGE_VERSION=''
PATH_SEPARATOR=':'
PKG_CONFIG='/usr/bin/pkg-config'
RANLIB='ranlib'
SET_MAKE=''
SHELL='/bin/sh'
STRIP='strip'
VERSION='0.0.7'
XFCE4_PANEL_CFLAGS='-DXTHREADS -I/usr/include/xfce4 -I/usr/X11R6/include -I/usr/include/libxml2 -I/usr/include/gtk-2.0 -I/usr/lib/gtk-2.0/include -I/usr/include/pango-1.0 -I/usr/include/freetype2 -I/usr/include/glib-2.0 -I/usr/lib/glib-2.0/include -I/usr/include/atk-1.0  '
XFCE4_PANEL_LIBS='-L/usr/X11R6/lib -lxfcegui4 -lxml2 -lz -lgtk-x11-2.0 -lxfce4util -lgdk-x11-2.0 -latk-1.0 -lgdk_pixbuf-2.0 -lm -lpangoxft-1.0 -lpangox-1.0 -lpango-1.0 -lgobject-2.0 -lgmodule-2.0 -ldl -lglib-2.0  '
XFCE4_PANEL_PLUGINSDIR='/usr/lib/xfce4/panel-plugins'
XFCE4_PANEL_REQUIRED_VERSION='0.10.1'
ac_ct_AR='ar'
ac_ct_CC=''
ac_ct_CXX=''
ac_ct_F77=''
ac_ct_RANLIB='ranlib'
ac_ct_STRIP='strip'
ac_pt_PKG_CONFIG='/usr/bin/pkg-config'
am__fastdepCC_FALSE='#'
am__fastdepCC_TRUE=''
am__fastdepCXX_FALSE='#'
am__fastdepCXX_TRUE=''
am__include='include'
am__leading_dot='.'
am__quote=''
am__tar='${AMTAR} chof - "$$tardir"'
am__untar='${AMTAR} xf -'
bindir='${exec_prefix}/bin'
build='i486-pc-linux-gnu'
build_alias='i486-linux-gnu'
build_cpu='i486'
build_os='linux-gnu'
build_vendor='pc'
datadir='${prefix}/share'
exec_prefix='${prefix}'
host='i486-pc-linux-gnu'
host_alias='i486-linux-gnu'
host_cpu='i486'
host_os='linux-gnu'
host_vendor='pc'
includedir='${prefix}/include'
infodir='${prefix}/share/info'
install_sh='/home/dbl/devel/xfce4-screenshooter-plugin/install-sh'
libdir='${exec_prefix}/lib'
libexecdir='${exec_prefix}/libexec'
localstatedir='${prefix}/var'
mandir='${prefix}/share/man'
mkdir_p='mkdir -p --'
oldincludedir='/usr/include'
prefix='/usr'
program_transform_name='s,x,x,'
sbindir='${exec_prefix}/sbin'
sharedstatedir='${prefix}/com'
sysconfdir='${prefix}/etc'
target_alias=''

## ----------- ##
## confdefs.h. ##
## ----------- ##

#define HAVE_DLFCN_H 1
#define HAVE_INTTYPES_H 1
#define HAVE_MEMORY_H 1
#define HAVE_STDINT_H 1
#define HAVE_STDLIB_H 1
#define HAVE_STRINGS_H 1
#define HAVE_STRING_H 1
#define HAVE_SYS_STAT_H 1
#define HAVE_SYS_TYPES_H 1
#define HAVE_UNISTD_H 1
#define PACKAGE "xfce4-screenshooter-plugin"
#define PACKAGE_BUGREPORT ""
#define PACKAGE_NAME ""
#define PACKAGE_STRING ""
#define PACKAGE_TARNAME ""
#define PACKAGE_VERSION ""
#define STDC_HEADERS 1
#define STDC_HEADERS 1
#define VERSION "0.0.7"
#endif
#ifdef __cplusplus
extern "C" void std::exit (int) throw (); using std::exit;

configure: exit 0
