This file contains any messages produced by compilers while
running configure, to aid debugging if configure makes a mistake.

It was created by configure, which was
generated by GNU Autoconf 2.57.  Invocation command line was

  $ ./configure --enable-maintainer-mode

## --------- ##
## Platform. ##
## --------- ##

hostname = scorpio.eco.imp.mx
uname -m = i386
uname -r = 5.1-RELEASE
uname -s = FreeBSD
uname -v = FreeBSD 5.1-RELEASE #1: Mon Aug 18 20:23:00 CDT 2003     edscott@scorpio.eco.imp.mx:/usr/obj/usr/src/sys/SCORPIO 

/usr/bin/uname -p = i386
/bin/uname -X     = unknown

/bin/arch              = unknown
/usr/bin/arch -k       = unknown
/usr/convex/getsysinfo = unknown
hostinfo               = unknown
/bin/machine           = unknown
/usr/bin/oslevel       = unknown
/bin/universe          = unknown

PATH: /sbin
PATH: /bin
PATH: /usr/sbin
PATH: /usr/bin
PATH: /usr/games
PATH: /usr/local/sbin
PATH: /usr/local/bin
PATH: /usr/X11R6/bin
PATH: /home/edscott/bin
PATH: /usr/local/OpenOffice.org1.0/program
PATH: /usr/local/OpenOffice.org1.0/program


## ----------- ##
## Core tests. ##
## ----------- ##

configure:1268: checking for a BSD-compatible install
configure:1322: result: /usr/bin/install -c
configure:1333: checking whether build environment is sane
configure:1376: result: yes
configure:1409: checking for gawk
configure:1438: result: no
configure:1409: checking for mawk
configure:1438: result: no
configure:1409: checking for nawk
configure:1425: found /usr/bin/nawk
configure:1435: result: nawk
configure:1445: checking whether make sets $(MAKE)
configure:1465: result: yes
configure:1631: checking whether to enable maintainer-specific portions of Makefiles
configure:1640: result: yes
configure:1668: checking for style of include used by make
configure:1696: result: GNU
configure:1767: checking for gcc
configure:1783: found /usr/bin/gcc
configure:1793: result: gcc
configure:2037: checking for C compiler version
configure:2040: gcc --version </dev/null >&5
gcc (GCC) 3.2.2 [FreeBSD] 20030205 (release)
Copyright (C) 2002 Free Software Foundation, Inc.
This is free software; see the source for copying conditions.  There is NO
warranty; not even for MERCHANTABILITY or FITNESS FOR A PARTICULAR PURPOSE.

configure:2043: $? = 0
configure:2045: gcc -v </dev/null >&5
Using built-in specs.
Configured with: FreeBSD/i386 system compiler
Thread model: posix
gcc version 3.2.2 [FreeBSD] 20030205 (release)
configure:2048: $? = 0
configure:2050: gcc -V </dev/null >&5
gcc: argument to `-V' is missing
configure:2053: $? = 1
configure:2077: checking for C compiler default output
configure:2080: gcc    conftest.c  >&5
configure:2083: $? = 0
configure:2129: result: a.out
configure:2134: checking whether the C compiler works
configure:2140: ./a.out
configure:2143: $? = 0
configure:2160: result: yes
configure:2167: checking whether we are cross compiling
configure:2169: result: no
configure:2172: checking for suffix of executables
configure:2174: gcc -o conftest    conftest.c  >&5
configure:2177: $? = 0
configure:2202: result: 
configure:2208: checking for suffix of object files
configure:2230: gcc -c   conftest.c >&5
configure:2233: $? = 0
configure:2255: result: o
configure:2259: checking whether we are using the GNU C compiler
configure:2284: gcc -c   conftest.c >&5
configure:2287: $? = 0
configure:2290: test -s conftest.o
configure:2293: $? = 0
configure:2306: result: yes
configure:2312: checking whether gcc accepts -g
configure:2334: gcc -c -g  conftest.c >&5
configure:2337: $? = 0
configure:2340: test -s conftest.o
configure:2343: $? = 0
configure:2354: result: yes
configure:2371: checking for gcc option to accept ANSI C
configure:2432: gcc  -c -g -O2  conftest.c >&5
configure:2435: $? = 0
configure:2438: test -s conftest.o
configure:2441: $? = 0
configure:2459: result: none needed
configure:2477: gcc -c -g -O2  conftest.c >&5
conftest.c:2: syntax error before "me"
configure:2480: $? = 1
configure: failed program was:
| #ifndef __cplusplus
|   choke me
| #endif
configure:2591: checking dependency style of gcc
configure:2659: result: gcc3
configure:2677: checking for library containing strerror
configure:2708: gcc -o conftest -g -O2   conftest.c  >&5
configure:2711: $? = 0
configure:2714: test -s conftest
configure:2717: $? = 0
configure:2776: result: none required
configure:2829: checking for gcc
configure:2855: result: gcc
configure:3099: checking for C compiler version
configure:3102: gcc --version </dev/null >&5
gcc (GCC) 3.2.2 [FreeBSD] 20030205 (release)
Copyright (C) 2002 Free Software Foundation, Inc.
This is free software; see the source for copying conditions.  There is NO
warranty; not even for MERCHANTABILITY or FITNESS FOR A PARTICULAR PURPOSE.

configure:3105: $? = 0
configure:3107: gcc -v </dev/null >&5
Using built-in specs.
Configured with: FreeBSD/i386 system compiler
Thread model: posix
gcc version 3.2.2 [FreeBSD] 20030205 (release)
configure:3110: $? = 0
configure:3112: gcc -V </dev/null >&5
gcc: argument to `-V' is missing
configure:3115: $? = 1
configure:3118: checking whether we are using the GNU C compiler
configure:3165: result: yes
configure:3171: checking whether gcc accepts -g
configure:3213: result: yes
configure:3230: checking for gcc option to accept ANSI C
configure:3318: result: none needed
configure:3336: gcc -c -g -O2  conftest.c >&5
conftest.c:2: syntax error before "me"
configure:3339: $? = 1
configure: failed program was:
| #ifndef __cplusplus
|   choke me
| #endif
configure:3450: checking dependency style of gcc
configure:3518: result: gcc3
configure:3538: checking for gcc option to accept ANSI C
configure:3602: gcc  -c -g -O2  conftest.c >&5
configure:3605: $? = 0
configure:3608: test -s conftest.o
configure:3611: $? = 0
configure:3626: result: none needed
configure:3642: checking how to run the C preprocessor
configure:3678: gcc -E  conftest.c
configure:3684: $? = 0
configure:3716: gcc -E  conftest.c
configure:3717:28: ac_nonexistent.h: No such file or directory
configure:3722: $? = 1
configure: failed program was:
| #line 3707 "configure"
| /* confdefs.h.  */
| 
| #define PACKAGE_NAME ""
| #define PACKAGE_TARNAME ""
| #define PACKAGE_VERSION ""
| #define PACKAGE_STRING ""
| #define PACKAGE_BUGREPORT ""
| #define PACKAGE "xftheme-maker"
| #define VERSION "0.1"
| /* end confdefs.h.  */
| #include <ac_nonexistent.h>
configure:3760: result: gcc -E
configure:3785: gcc -E  conftest.c
configure:3791: $? = 0
configure:3823: gcc -E  conftest.c
configure:3824:28: ac_nonexistent.h: No such file or directory
configure:3829: $? = 1
configure: failed program was:
| #line 3814 "configure"
| /* confdefs.h.  */
| 
| #define PACKAGE_NAME ""
| #define PACKAGE_TARNAME ""
| #define PACKAGE_VERSION ""
| #define PACKAGE_STRING ""
| #define PACKAGE_BUGREPORT ""
| #define PACKAGE "xftheme-maker"
| #define VERSION "0.1"
| /* end confdefs.h.  */
| #include <ac_nonexistent.h>
configure:3872: checking for egrep
configure:3882: result: grep -E
configure:3887: checking for ANSI C header files
configure:3913: gcc -c -g -O2  conftest.c >&5
configure:3916: $? = 0
configure:3919: test -s conftest.o
configure:3922: $? = 0
configure:4011: gcc -o conftest -g -O2   conftest.c  >&5
configure:4014: $? = 0
configure:4016: ./conftest
configure:4019: $? = 0
configure:4034: result: yes
configure:4052: checking for pkg-config
configure:4070: found /usr/local/bin/pkg-config
configure:4083: result: /usr/local/bin/pkg-config
configure:4100: checking for gtk+-2.0 >= 2.0.0
configure:4104: result: yes
configure:4108: checking PACKAGE_CFLAGS
configure:4111: result: -I/usr/local/include/atk-1.0 -I/usr/local/include/glib-2.0 -I/usr/local/lib/glib-2.0/include -I/usr/X11R6/include/gtk-2.0 -I/usr/X11R6/lib/gtk-2.0/include -I/usr/X11R6/include/pango-1.0 -I/usr/X11R6/include -I/usr/local/include/freetype2 -I/usr/local/include  
configure:4114: checking PACKAGE_LIBS
configure:4117: result: -Wl,--export-dynamic -L/usr/local/lib -L/usr/X11R6/lib -lgtk-x11-2.0 -lgdk-x11-2.0 -lXrandr -lXinerama -latk-1.0 -lgdk_pixbuf-2.0 -lm -lpangoxft-1.0 -lXft -lfreetype -lz -lXrender -lXext -lfontconfig -lpangox-1.0 -lX11 -lpango-1.0 -lgobject-2.0 -lgmodule-2.0 -lglib-2.0 -liconv  
configure:4271: creating ./config.status

## ---------------------- ##
## Running config.status. ##
## ---------------------- ##

This file was extended by config.status, which was
generated by GNU Autoconf 2.57.  Invocation command line was

  CONFIG_FILES    = 
  CONFIG_HEADERS  = 
  CONFIG_LINKS    = 
  CONFIG_COMMANDS = 
  $ ./config.status 

on scorpio.eco.imp.mx

config.status:659: creating Makefile
config.status:659: creating src/Makefile
config.status:763: creating config.h
config.status:850: config.h is unchanged
config.status:972: executing depfiles commands

## ---------------- ##
## Cache variables. ##
## ---------------- ##

ac_cv_c_compiler_gnu=yes
ac_cv_env_CC_set=
ac_cv_env_CC_value=
ac_cv_env_CFLAGS_set=
ac_cv_env_CFLAGS_value=
ac_cv_env_CPPFLAGS_set=
ac_cv_env_CPPFLAGS_value=
ac_cv_env_CPP_set=
ac_cv_env_CPP_value=
ac_cv_env_LDFLAGS_set=
ac_cv_env_LDFLAGS_value=
ac_cv_env_build_alias_set=
ac_cv_env_build_alias_value=
ac_cv_env_host_alias_set=
ac_cv_env_host_alias_value=
ac_cv_env_target_alias_set=
ac_cv_env_target_alias_value=
ac_cv_exeext=
ac_cv_header_stdc=yes
ac_cv_objext=o
ac_cv_path_PKG_CONFIG=/usr/local/bin/pkg-config
ac_cv_path_install='/usr/bin/install -c'
ac_cv_prog_AWK=nawk
ac_cv_prog_CPP='gcc -E'
ac_cv_prog_ac_ct_CC=gcc
ac_cv_prog_cc_g=yes
ac_cv_prog_cc_stdc=
ac_cv_prog_egrep='grep -E'
ac_cv_prog_make_make_set=yes
ac_cv_search_strerror='none required'
am_cv_CC_dependencies_compiler_type=gcc3
am_cv_prog_cc_stdc=

## ----------------- ##
## Output variables. ##
## ----------------- ##

ACLOCAL='${SHELL} /usr/home/edscott/glade/xffm_theme_maker/missing --run aclocal-1.7'
AMDEPBACKSLASH='\'
AMDEP_FALSE='#'
AMDEP_TRUE=''
AMTAR='${SHELL} /usr/home/edscott/glade/xffm_theme_maker/missing --run tar'
AUTOCONF='${SHELL} /usr/home/edscott/glade/xffm_theme_maker/missing --run autoconf'
AUTOHEADER='${SHELL} /usr/home/edscott/glade/xffm_theme_maker/missing --run autoheader'
AUTOMAKE='${SHELL} /usr/home/edscott/glade/xffm_theme_maker/missing --run automake-1.7'
AWK='nawk'
CC='gcc'
CCDEPMODE='depmode=gcc3'
CFLAGS='-g -O2'
CPP='gcc -E'
CPPFLAGS=''
CYGPATH_W='echo'
DEFS='-DHAVE_CONFIG_H'
DEPDIR='.deps'
ECHO_C=''
ECHO_N='-n'
ECHO_T=''
EGREP='grep -E'
EXEEXT=''
INSTALL_DATA='${INSTALL} -m 644'
INSTALL_PROGRAM='${INSTALL}'
INSTALL_SCRIPT='${INSTALL}'
INSTALL_STRIP_PROGRAM='${SHELL} $(install_sh) -c -s'
LDFLAGS=''
LIBOBJS=''
LIBS=''
LTLIBOBJS=''
MAINT=''
MAINTAINER_MODE_FALSE='#'
MAINTAINER_MODE_TRUE=''
MAKEINFO='${SHELL} /usr/home/edscott/glade/xffm_theme_maker/missing --run makeinfo'
OBJEXT='o'
PACKAGE='xftheme-maker'
PACKAGE_BUGREPORT=''
PACKAGE_CFLAGS='-I/usr/local/include/atk-1.0 -I/usr/local/include/glib-2.0 -I/usr/local/lib/glib-2.0/include -I/usr/X11R6/include/gtk-2.0 -I/usr/X11R6/lib/gtk-2.0/include -I/usr/X11R6/include/pango-1.0 -I/usr/X11R6/include -I/usr/local/include/freetype2 -I/usr/local/include  '
PACKAGE_LIBS='-Wl,--export-dynamic -L/usr/local/lib -L/usr/X11R6/lib -lgtk-x11-2.0 -lgdk-x11-2.0 -lXrandr -lXinerama -latk-1.0 -lgdk_pixbuf-2.0 -lm -lpangoxft-1.0 -lXft -lfreetype -lz -lXrender -lXext -lfontconfig -lpangox-1.0 -lX11 -lpango-1.0 -lgobject-2.0 -lgmodule-2.0 -lglib-2.0 -liconv  '
PACKAGE_NAME=''
PACKAGE_STRING=''
PACKAGE_TARNAME=''
PACKAGE_VERSION=''
PATH_SEPARATOR=':'
PKG_CONFIG='/usr/local/bin/pkg-config'
SET_MAKE=''
SHELL='/usr/local/bin/bash'
STRIP=''
VERSION='0.1'
ac_ct_CC='gcc'
ac_ct_STRIP=''
am__fastdepCC_FALSE='#'
am__fastdepCC_TRUE=''
am__include='include'
am__leading_dot='.'
am__quote=''
bindir='${exec_prefix}/bin'
build_alias=''
datadir='${prefix}/share'
exec_prefix='${prefix}'
host_alias=''
includedir='${prefix}/include'
infodir='${prefix}/info'
install_sh='/usr/home/edscott/glade/xffm_theme_maker/install-sh'
libdir='${exec_prefix}/lib'
libexecdir='${exec_prefix}/libexec'
localstatedir='${prefix}/var'
mandir='${prefix}/man'
oldincludedir='/usr/include'
prefix='/usr/local'
program_transform_name='s,x,x,'
sbindir='${exec_prefix}/sbin'
sharedstatedir='${prefix}/com'
sysconfdir='${prefix}/etc'
target_alias=''

## ----------- ##
## confdefs.h. ##
## ----------- ##

#define PACKAGE "xftheme-maker"
#define PACKAGE_BUGREPORT ""
#define PACKAGE_NAME ""
#define PACKAGE_STRING ""
#define PACKAGE_TARNAME ""
#define PACKAGE_VERSION ""
#define STDC_HEADERS 1
#define VERSION "0.1"

configure: exit 0

## ---------------------- ##
## Running config.status. ##
## ---------------------- ##

This file was extended by config.status, which was
generated by GNU Autoconf 2.57.  Invocation command line was

  CONFIG_FILES    = 
  CONFIG_HEADERS  = 
  CONFIG_LINKS    = 
  CONFIG_COMMANDS = 
  $ ./config.status config.h

on scorpio.eco.imp.mx

config.status:763: creating config.h
config.status:850: config.h is unchanged
