This file contains any messages produced by compilers while
running configure, to aid debugging if configure makes a mistake.

It was created by configure, which was
generated by GNU Autoconf 2.59.  Invocation command line was

  $ ./configure 

## --------- ##
## Platform. ##
## --------- ##

hostname = moro
uname -m = i686
uname -r = 2.6.12.2MORO
uname -s = Linux
uname -v = #1 Tue Jul 5 22:58:59 CLT 2005

/usr/bin/uname -p = unknown
/bin/uname -X     = unknown

/bin/arch              = i686
/usr/bin/arch -k       = unknown
/usr/convex/getsysinfo = unknown
hostinfo               = unknown
/bin/machine           = unknown
/usr/bin/oslevel       = unknown
/bin/universe          = unknown

PATH: /home/dbl/bin
PATH: /usr/bin
PATH: /usr/local/bin
PATH: /bin
PATH: /sbin
PATH: /usr/sbin
PATH: /usr/local/sbin
PATH: /usr/X11R6/bin/


## ----------- ##
## Core tests. ##
## ----------- ##

configure:1566: checking for a BSD-compatible install
configure:1621: result: /usr/bin/install -c
configure:1632: checking whether build environment is sane
configure:1675: result: yes
configure:1740: checking for gawk
configure:1769: result: no
configure:1740: checking for mawk
configure:1756: found /usr/bin/mawk
configure:1766: result: mawk
configure:1776: checking whether make sets $(MAKE)
configure:1796: result: yes
configure:1965: checking whether to enable maintainer-specific portions of Makefiles
configure:1974: result: no
configure:2002: checking for style of include used by make
configure:2030: result: GNU
configure:2101: checking for gcc
configure:2117: found /usr/bin/gcc
configure:2127: result: gcc
configure:2371: checking for C compiler version
configure:2374: gcc --version </dev/null >&5
gcc (GCC) 4.0.1 (Debian 4.0.1-2)
Copyright (C) 2005 Free Software Foundation, Inc.
This is free software; see the source for copying conditions.  There is NO
warranty; not even for MERCHANTABILITY or FITNESS FOR A PARTICULAR PURPOSE.

configure:2377: $? = 0
configure:2379: gcc -v </dev/null >&5
Using built-in specs.
Target: i486-linux-gnu
Configured with: ../src/configure -v --enable-languages=c,c++,java,f95,objc,ada,treelang --prefix=/usr --enable-shared --with-system-zlib --libexecdir=/usr/lib --enable-nls --without-included-gettext --enable-threads=posix --program-suffix=-4.0 --enable-__cxa_atexit --enable-libstdcxx-allocator=mt --enable-clocale=gnu --enable-libstdcxx-debug --enable-java-gc=boehm --enable-java-awt=gtk --with-java-home=/usr/lib/jvm/java-1.4.2-gcj-4.0-1.4.2.0/jre --enable-mpfr --disable-werror --enable-checking=release i486-linux-gnu
Thread model: posix
gcc version 4.0.1 (Debian 4.0.1-2)
configure:2382: $? = 0
configure:2384: gcc -V </dev/null >&5
gcc: '-V' option must have argument
configure:2387: $? = 1
configure:2410: checking for C compiler default output file name
configure:2413: gcc    conftest.c  >&5
configure:2416: $? = 0
configure:2462: result: a.out
configure:2467: checking whether the C compiler works
configure:2473: ./a.out
configure:2476: $? = 0
configure:2493: result: yes
configure:2500: checking whether we are cross compiling
configure:2502: result: no
configure:2505: checking for suffix of executables
configure:2507: gcc -o conftest    conftest.c  >&5
configure:2510: $? = 0
configure:2535: result: 
configure:2541: checking for suffix of object files
configure:2562: gcc -c   conftest.c >&5
configure:2565: $? = 0
configure:2587: result: o
configure:2591: checking whether we are using the GNU C compiler
configure:2615: gcc -c   conftest.c >&5
configure:2621: $? = 0
configure:2624: test -z 			 || test ! -s conftest.err
configure:2627: $? = 0
configure:2630: test -s conftest.o
configure:2633: $? = 0
configure:2646: result: yes
configure:2652: checking whether gcc accepts -g
configure:2673: gcc -c -g  conftest.c >&5
configure:2679: $? = 0
configure:2682: test -z 			 || test ! -s conftest.err
configure:2685: $? = 0
configure:2688: test -s conftest.o
configure:2691: $? = 0
configure:2702: result: yes
configure:2719: checking for gcc option to accept ANSI C
configure:2789: gcc  -c -g -O2  conftest.c >&5
configure:2795: $? = 0
configure:2798: test -z 			 || test ! -s conftest.err
configure:2801: $? = 0
configure:2804: test -s conftest.o
configure:2807: $? = 0
configure:2825: result: none needed
configure:2843: gcc -c -g -O2  conftest.c >&5
conftest.c:2: error: syntax error before 'me'
configure:2849: $? = 1
configure: failed program was:
| #ifndef __cplusplus
|   choke me
| #endif
configure:2981: checking dependency style of gcc
configure:3071: result: gcc3
configure:3094: checking how to run the C preprocessor
configure:3129: gcc -E  conftest.c
configure:3135: $? = 0
configure:3167: gcc -E  conftest.c
conftest.c:11:28: error: ac_nonexistent.h: No such file or directory
configure:3173: $? = 1
configure: failed program was:
| /* confdefs.h.  */
| 
| #define PACKAGE_NAME ""
| #define PACKAGE_TARNAME ""
| #define PACKAGE_VERSION ""
| #define PACKAGE_STRING ""
| #define PACKAGE_BUGREPORT ""
| #define PACKAGE "xfce4-screenshooter-plugin"
| #define VERSION "0.0.7"
| /* end confdefs.h.  */
| #include <ac_nonexistent.h>
configure:3212: result: gcc -E
configure:3236: gcc -E  conftest.c
configure:3242: $? = 0
configure:3274: gcc -E  conftest.c
conftest.c:11:28: error: ac_nonexistent.h: No such file or directory
configure:3280: $? = 1
configure: failed program was:
| /* confdefs.h.  */
| 
| #define PACKAGE_NAME ""
| #define PACKAGE_TARNAME ""
| #define PACKAGE_VERSION ""
| #define PACKAGE_STRING ""
| #define PACKAGE_BUGREPORT ""
| #define PACKAGE "xfce4-screenshooter-plugin"
| #define VERSION "0.0.7"
| /* end confdefs.h.  */
| #include <ac_nonexistent.h>
configure:3324: checking for egrep
configure:3334: result: grep -E
configure:3340: checking for AIX
configure:3362: result: no
configure:3368: checking for library containing strerror
configure:3398: gcc -o conftest -g -O2   conftest.c  >&5
configure:3404: $? = 0
configure:3407: test -z 			 || test ! -s conftest.err
configure:3410: $? = 0
configure:3413: test -s conftest
configure:3416: $? = 0
configure:3485: result: none required
configure:3492: checking for ANSI C header files
configure:3517: gcc -c -g -O2  conftest.c >&5
configure:3523: $? = 0
configure:3526: test -z 			 || test ! -s conftest.err
configure:3529: $? = 0
configure:3532: test -s conftest.o
configure:3535: $? = 0
configure:3624: gcc -o conftest -g -O2   conftest.c  >&5
conftest.c: In function 'main':
conftest.c:28: warning: incompatible implicit declaration of built-in function 'exit'
configure:3627: $? = 0
configure:3629: ./conftest
configure:3632: $? = 0
configure:3647: result: yes
configure:3671: checking for sys/types.h
configure:3687: gcc -c -g -O2  conftest.c >&5
configure:3693: $? = 0
configure:3696: test -z 			 || test ! -s conftest.err
configure:3699: $? = 0
configure:3702: test -s conftest.o
configure:3705: $? = 0
configure:3716: result: yes
configure:3671: checking for sys/stat.h
configure:3687: gcc -c -g -O2  conftest.c >&5
configure:3693: $? = 0
configure:3696: test -z 			 || test ! -s conftest.err
configure:3699: $? = 0
configure:3702: test -s conftest.o
configure:3705: $? = 0
configure:3716: result: yes
configure:3671: checking for stdlib.h
configure:3687: gcc -c -g -O2  conftest.c >&5
configure:3693: $? = 0
configure:3696: test -z 			 || test ! -s conftest.err
configure:3699: $? = 0
configure:3702: test -s conftest.o
configure:3705: $? = 0
configure:3716: result: yes
configure:3671: checking for string.h
configure:3687: gcc -c -g -O2  conftest.c >&5
configure:3693: $? = 0
configure:3696: test -z 			 || test ! -s conftest.err
configure:3699: $? = 0
configure:3702: test -s conftest.o
configure:3705: $? = 0
configure:3716: result: yes
configure:3671: checking for memory.h
configure:3687: gcc -c -g -O2  conftest.c >&5
configure:3693: $? = 0
configure:3696: test -z 			 || test ! -s conftest.err
configure:3699: $? = 0
configure:3702: test -s conftest.o
configure:3705: $? = 0
configure:3716: result: yes
configure:3671: checking for strings.h
configure:3687: gcc -c -g -O2  conftest.c >&5
configure:3693: $? = 0
configure:3696: test -z 			 || test ! -s conftest.err
configure:3699: $? = 0
configure:3702: test -s conftest.o
configure:3705: $? = 0
configure:3716: result: yes
configure:3671: checking for inttypes.h
configure:3687: gcc -c -g -O2  conftest.c >&5
configure:3693: $? = 0
configure:3696: test -z 			 || test ! -s conftest.err
configure:3699: $? = 0
configure:3702: test -s conftest.o
configure:3705: $? = 0
configure:3716: result: yes
configure:3671: checking for stdint.h
configure:3687: gcc -c -g -O2  conftest.c >&5
configure:3693: $? = 0
configure:3696: test -z 			 || test ! -s conftest.err
configure:3699: $? = 0
configure:3702: test -s conftest.o
configure:3705: $? = 0
configure:3716: result: yes
configure:3671: checking for unistd.h
configure:3687: gcc -c -g -O2  conftest.c >&5
configure:3693: $? = 0
configure:3696: test -z 			 || test ! -s conftest.err
configure:3699: $? = 0
configure:3702: test -s conftest.o
configure:3705: $? = 0
configure:3716: result: yes
configure:3738: checking minix/config.h usability
configure:3750: gcc -c -g -O2  conftest.c >&5
conftest.c:55:26: error: minix/config.h: No such file or directory
configure:3756: $? = 1
configure: failed program was:
| /* confdefs.h.  */
| 
| #define PACKAGE_NAME ""
| #define PACKAGE_TARNAME ""
| #define PACKAGE_VERSION ""
| #define PACKAGE_STRING ""
| #define PACKAGE_BUGREPORT ""
| #define PACKAGE "xfce4-screenshooter-plugin"
| #define VERSION "0.0.7"
| #define STDC_HEADERS 1
| #define HAVE_SYS_TYPES_H 1
| #define HAVE_SYS_STAT_H 1
| #define HAVE_STDLIB_H 1
| #define HAVE_STRING_H 1
| #define HAVE_MEMORY_H 1
| #define HAVE_STRINGS_H 1
| #define HAVE_INTTYPES_H 1
| #define HAVE_STDINT_H 1
| #define HAVE_UNISTD_H 1
| /* end confdefs.h.  */
| #include <stdio.h>
| #if HAVE_SYS_TYPES_H
| # include <sys/types.h>
| #endif
| #if HAVE_SYS_STAT_H
| # include <sys/stat.h>
| #endif
| #if STDC_HEADERS
| # include <stdlib.h>
| # include <stddef.h>
| #else
| # if HAVE_STDLIB_H
| #  include <stdlib.h>
| # endif
| #endif
| #if HAVE_STRING_H
| # if !STDC_HEADERS && HAVE_MEMORY_H
| #  include <memory.h>
| # endif
| # include <string.h>
| #endif
| #if HAVE_STRINGS_H
| # include <strings.h>
| #endif
| #if HAVE_INTTYPES_H
| # include <inttypes.h>
| #else
| # if HAVE_STDINT_H
| #  include <stdint.h>
| # endif
| #endif
| #if HAVE_UNISTD_H
| # include <unistd.h>
| #endif
| #include <minix/config.h>
configure:3778: result: no
configure:3782: checking minix/config.h presence
configure:3792: gcc -E  conftest.c
conftest.c:21:26: error: minix/config.h: No such file or directory
configure:3798: $? = 1
configure: failed program was:
| /* confdefs.h.  */
| 
| #define PACKAGE_NAME ""
| #define PACKAGE_TARNAME ""
| #define PACKAGE_VERSION ""
| #define PACKAGE_STRING ""
| #define PACKAGE_BUGREPORT ""
| #define PACKAGE "xfce4-screenshooter-plugin"
| #define VERSION "0.0.7"
| #define STDC_HEADERS 1
| #define HAVE_SYS_TYPES_H 1
| #define HAVE_SYS_STAT_H 1
| #define HAVE_STDLIB_H 1
| #define HAVE_STRING_H 1
| #define HAVE_MEMORY_H 1
| #define HAVE_STRINGS_H 1
| #define HAVE_INTTYPES_H 1
| #define HAVE_STDINT_H 1
| #define HAVE_UNISTD_H 1
| /* end confdefs.h.  */
| #include <minix/config.h>
configure:3818: result: no
configure:3853: checking for minix/config.h
configure:3860: result: no
configure:3936: checking for gcc
configure:3962: result: gcc
configure:4206: checking for C compiler version
configure:4209: gcc --version </dev/null >&5
gcc (GCC) 4.0.1 (Debian 4.0.1-2)
Copyright (C) 2005 Free Software Foundation, Inc.
This is free software; see the source for copying conditions.  There is NO
warranty; not even for MERCHANTABILITY or FITNESS FOR A PARTICULAR PURPOSE.

configure:4212: $? = 0
configure:4214: gcc -v </dev/null >&5
Using built-in specs.
Target: i486-linux-gnu
Configured with: ../src/configure -v --enable-languages=c,c++,java,f95,objc,ada,treelang --prefix=/usr --enable-shared --with-system-zlib --libexecdir=/usr/lib --enable-nls --without-included-gettext --enable-threads=posix --program-suffix=-4.0 --enable-__cxa_atexit --enable-libstdcxx-allocator=mt --enable-clocale=gnu --enable-libstdcxx-debug --enable-java-gc=boehm --enable-java-awt=gtk --with-java-home=/usr/lib/jvm/java-1.4.2-gcj-4.0-1.4.2.0/jre --enable-mpfr --disable-werror --enable-checking=release i486-linux-gnu
Thread model: posix
gcc version 4.0.1 (Debian 4.0.1-2)
configure:4217: $? = 0
configure:4219: gcc -V </dev/null >&5
gcc: '-V' option must have argument
configure:4222: $? = 1
configure:4225: checking whether we are using the GNU C compiler
configure:4280: result: yes
configure:4286: checking whether gcc accepts -g
configure:4336: result: yes
configure:4353: checking for gcc option to accept ANSI C
configure:4459: result: none needed
configure:4477: gcc -c -g -O2  conftest.c >&5
conftest.c:2: error: syntax error before 'me'
configure:4483: $? = 1
configure: failed program was:
| #ifndef __cplusplus
|   choke me
| #endif
configure:4615: checking dependency style of gcc
configure:4705: result: gcc3
configure:4735: checking for a BSD-compatible install
configure:4790: result: /usr/bin/install -c
configure:4879: checking build system type

## ---------------- ##
## Cache variables. ##
## ---------------- ##

ac_cv_build=
ac_cv_build_alias=i686-pc-linux-gnu
ac_cv_c_compiler_gnu=yes
ac_cv_env_CC_set=
ac_cv_env_CC_value=
ac_cv_env_CFLAGS_set=
ac_cv_env_CFLAGS_value=
ac_cv_env_CPPFLAGS_set=
ac_cv_env_CPPFLAGS_value=
ac_cv_env_CPP_set=
ac_cv_env_CPP_value=
ac_cv_env_CXXCPP_set=
ac_cv_env_CXXCPP_value=
ac_cv_env_CXXFLAGS_set=
ac_cv_env_CXXFLAGS_value=
ac_cv_env_CXX_set=
ac_cv_env_CXX_value=
ac_cv_env_F77_set=
ac_cv_env_F77_value=
ac_cv_env_FFLAGS_set=
ac_cv_env_FFLAGS_value=
ac_cv_env_LDFLAGS_set=
ac_cv_env_LDFLAGS_value=
ac_cv_env_PKG_CONFIG_set=
ac_cv_env_PKG_CONFIG_value=
ac_cv_env_XFCE4_PANEL_CFLAGS_set=
ac_cv_env_XFCE4_PANEL_CFLAGS_value=
ac_cv_env_XFCE4_PANEL_LIBS_set=
ac_cv_env_XFCE4_PANEL_LIBS_value=
ac_cv_env_build_alias_set=
ac_cv_env_build_alias_value=
ac_cv_env_host_alias_set=
ac_cv_env_host_alias_value=
ac_cv_env_target_alias_set=
ac_cv_env_target_alias_value=
ac_cv_exeext=
ac_cv_header_inttypes_h=yes
ac_cv_header_memory_h=yes
ac_cv_header_minix_config_h=no
ac_cv_header_stdc=yes
ac_cv_header_stdint_h=yes
ac_cv_header_stdlib_h=yes
ac_cv_header_string_h=yes
ac_cv_header_strings_h=yes
ac_cv_header_sys_stat_h=yes
ac_cv_header_sys_types_h=yes
ac_cv_header_unistd_h=yes
ac_cv_objext=o
ac_cv_path_install='/usr/bin/install -c'
ac_cv_prog_AWK=mawk
ac_cv_prog_CPP='gcc -E'
ac_cv_prog_ac_ct_CC=gcc
ac_cv_prog_cc_g=yes
ac_cv_prog_cc_stdc=
ac_cv_prog_egrep='grep -E'
ac_cv_prog_make_make_set=yes
ac_cv_search_strerror='none required'
am_cv_CC_dependencies_compiler_type=gcc3

## ----------------- ##
## Output variables. ##
## ----------------- ##

ACLOCAL='${SHELL} /home/dbl/devel/xfce4-screenshooter-plugin/missing --run aclocal-1.9'
AMDEPBACKSLASH='\'
AMDEP_FALSE='#'
AMDEP_TRUE=''
AMTAR='${SHELL} /home/dbl/devel/xfce4-screenshooter-plugin/missing --run tar'
AR=''
AUTOCONF='${SHELL} /home/dbl/devel/xfce4-screenshooter-plugin/missing --run autoconf'
AUTOHEADER='${SHELL} /home/dbl/devel/xfce4-screenshooter-plugin/missing --run autoheader'
AUTOMAKE='${SHELL} /home/dbl/devel/xfce4-screenshooter-plugin/missing --run automake-1.9'
AWK='mawk'
CC='gcc'
CCDEPMODE='depmode=gcc3'
CFLAGS='-g -O2'
CPP='gcc -E'
CPPFLAGS=''
CXX=''
CXXCPP=''
CXXDEPMODE=''
CXXFLAGS=''
CYGPATH_W='echo'
DEFS=''
DEPDIR='.deps'
ECHO='echo'
ECHO_C=''
ECHO_N='-n'
ECHO_T=''
EGREP='grep -E'
EXEEXT=''
F77=''
FFLAGS=''
INSTALL_DATA='${INSTALL} -m 644'
INSTALL_PROGRAM='${INSTALL}'
INSTALL_SCRIPT='${INSTALL}'
INSTALL_STRIP_PROGRAM='${SHELL} $(install_sh) -c -s'
LDFLAGS=''
LIBOBJS=''
LIBS=''
LIBTOOL=''
LN_S=''
LTLIBOBJS=''
MAINT='#'
MAINTAINER_MODE_FALSE=''
MAINTAINER_MODE_TRUE='#'
MAKEINFO='${SHELL} /home/dbl/devel/xfce4-screenshooter-plugin/missing --run makeinfo'
OBJEXT='o'
PACKAGE='xfce4-screenshooter-plugin'
PACKAGE_BUGREPORT=''
PACKAGE_NAME=''
PACKAGE_STRING=''
PACKAGE_TARNAME=''
PACKAGE_VERSION=''
PATH_SEPARATOR=':'
PKG_CONFIG=''
RANLIB=''
SET_MAKE=''
SHELL='/bin/sh'
STRIP=''
VERSION='0.0.7'
XFCE4_PANEL_CFLAGS=''
XFCE4_PANEL_LIBS=''
XFCE4_PANEL_PLUGINSDIR=''
XFCE4_PANEL_REQUIRED_VERSION=''
ac_ct_AR=''
ac_ct_CC='gcc'
ac_ct_CXX=''
ac_ct_F77=''
ac_ct_RANLIB=''
ac_ct_STRIP=''
ac_pt_PKG_CONFIG=''
am__fastdepCC_FALSE='#'
am__fastdepCC_TRUE=''
am__fastdepCXX_FALSE=''
am__fastdepCXX_TRUE=''
am__include='include'
am__leading_dot='.'
am__quote=''
am__tar='${AMTAR} chof - "$$tardir"'
am__untar='${AMTAR} xf -'
bindir='${exec_prefix}/bin'
build=''
build_alias=''
build_cpu=''
build_os=''
build_vendor=''
datadir='${prefix}/share'
exec_prefix='NONE'
host=''
host_alias=''
host_cpu=''
host_os=''
host_vendor=''
includedir='${prefix}/include'
infodir='${prefix}/info'
install_sh='/home/dbl/devel/xfce4-screenshooter-plugin/install-sh'
libdir='${exec_prefix}/lib'
libexecdir='${exec_prefix}/libexec'
localstatedir='${prefix}/var'
mandir='${prefix}/man'
mkdir_p='mkdir -p --'
oldincludedir='/usr/include'
prefix='NONE'
program_transform_name='s,x,x,'
sbindir='${exec_prefix}/sbin'
sharedstatedir='${prefix}/com'
sysconfdir='${prefix}/etc'
target_alias=''

## ----------- ##
## confdefs.h. ##
## ----------- ##

#define HAVE_INTTYPES_H 1
#define HAVE_MEMORY_H 1
#define HAVE_STDINT_H 1
#define HAVE_STDLIB_H 1
#define HAVE_STRINGS_H 1
#define HAVE_STRING_H 1
#define HAVE_SYS_STAT_H 1
#define HAVE_SYS_TYPES_H 1
#define HAVE_UNISTD_H 1
#define PACKAGE "xfce4-screenshooter-plugin"
#define PACKAGE_BUGREPORT ""
#define PACKAGE_NAME ""
#define PACKAGE_STRING ""
#define PACKAGE_TARNAME ""
#define PACKAGE_VERSION ""
#define STDC_HEADERS 1
#define VERSION "0.0.7"

configure: caught signal 2
configure: exit 1
