This file contains any messages produced by compilers while
running configure, to aid debugging if configure makes a mistake.

It was created by xfce4-mount-plugin configure 0.4.3, which was
generated by GNU Autoconf 2.59.  Invocation command line was

  $ ./configure --enable-maintainer-mode

## --------- ##
## Platform. ##
## --------- ##

hostname = TIM3000
uname -m = i686
uname -r = 2.6.12-1-k7
uname -s = Linux
uname -v = #1 Tue Sep 27 13:22:07 JST 2005

/usr/bin/uname -p = unknown
/bin/uname -X     = unknown

/bin/arch              = i686
/usr/bin/arch -k       = unknown
/usr/convex/getsysinfo = unknown
hostinfo               = unknown
/bin/machine           = unknown
/usr/bin/oslevel       = unknown
/bin/universe          = unknown

PATH: /sbin
PATH: /usr/local/bin
PATH: /usr/bin
PATH: /bin
PATH: /usr/bin/X11
PATH: /usr/games


## ----------- ##
## Core tests. ##
## ----------- ##

configure:1365: checking for a BSD-compatible install
configure:1420: result: /usr/bin/install -c
configure:1431: checking whether build environment is sane
configure:1474: result: yes
configure:1539: checking for gawk
configure:1568: result: no
configure:1539: checking for mawk
configure:1555: found /usr/bin/mawk
configure:1565: result: mawk
configure:1575: checking whether make sets $(MAKE)
configure:1595: result: yes
configure:1766: checking whether to enable maintainer-specific portions of Makefiles
configure:1775: result: yes
configure:1803: checking for style of include used by make
configure:1831: result: GNU
configure:1902: checking for gcc
configure:1918: found /usr/bin/gcc
configure:1928: result: gcc
configure:2172: checking for C compiler version
configure:2175: gcc --version </dev/null >&5
gcc (GCC) 4.0.2 (Debian 4.0.2-2)
Copyright (C) 2005 Free Software Foundation, Inc.
This is free software; see the source for copying conditions.  There is NO
warranty; not even for MERCHANTABILITY or FITNESS FOR A PARTICULAR PURPOSE.

configure:2178: $? = 0
configure:2180: gcc -v </dev/null >&5
Using built-in specs.
Target: i486-linux-gnu
Configured with: ../src/configure -v --enable-languages=c,c++,java,f95,objc,ada,treelang --prefix=/usr --enable-shared --with-system-zlib --libexecdir=/usr/lib --without-included-gettext --enable-threads=posix --enable-nls --program-suffix=-4.0 --enable-__cxa_atexit --enable-libstdcxx-allocator=mt --enable-clocale=gnu --enable-libstdcxx-debug --enable-java-gc=boehm --enable-java-awt=gtk --enable-gtk-cairo --with-java-home=/usr/lib/jvm/java-1.4.2-gcj-4.0-1.4.2.0/jre --enable-mpfr --disable-werror --enable-checking=release i486-linux-gnu
Thread model: posix
gcc version 4.0.2 (Debian 4.0.2-2)
configure:2183: $? = 0
configure:2185: gcc -V </dev/null >&5
gcc: '-V' option must have argument
configure:2188: $? = 1
configure:2211: checking for C compiler default output file name
configure:2214: gcc    conftest.c  >&5
configure:2217: $? = 0
configure:2263: result: a.out
configure:2268: checking whether the C compiler works
configure:2274: ./a.out
configure:2277: $? = 0
configure:2294: result: yes
configure:2301: checking whether we are cross compiling
configure:2303: result: no
configure:2306: checking for suffix of executables
configure:2308: gcc -o conftest    conftest.c  >&5
configure:2311: $? = 0
configure:2336: result: 
configure:2342: checking for suffix of object files
configure:2363: gcc -c   conftest.c >&5
configure:2366: $? = 0
configure:2388: result: o
configure:2392: checking whether we are using the GNU C compiler
configure:2416: gcc -c   conftest.c >&5
configure:2422: $? = 0
configure:2425: test -z 			 || test ! -s conftest.err
configure:2428: $? = 0
configure:2431: test -s conftest.o
configure:2434: $? = 0
configure:2447: result: yes
configure:2453: checking whether gcc accepts -g
configure:2474: gcc -c -g  conftest.c >&5
configure:2480: $? = 0
configure:2483: test -z 			 || test ! -s conftest.err
configure:2486: $? = 0
configure:2489: test -s conftest.o
configure:2492: $? = 0
configure:2503: result: yes
configure:2520: checking for gcc option to accept ANSI C
configure:2590: gcc  -c -g -O2  conftest.c >&5
configure:2596: $? = 0
configure:2599: test -z 			 || test ! -s conftest.err
configure:2602: $? = 0
configure:2605: test -s conftest.o
configure:2608: $? = 0
configure:2626: result: none needed
configure:2644: gcc -c -g -O2  conftest.c >&5
conftest.c:2: error: syntax error before 'me'
configure:2650: $? = 1
configure: failed program was:
| #ifndef __cplusplus
|   choke me
| #endif
configure:2782: checking dependency style of gcc
configure:2872: result: gcc3
configure:2895: checking how to run the C preprocessor
configure:2930: gcc -E  conftest.c
configure:2936: $? = 0
configure:2968: gcc -E  conftest.c
conftest.c:11:28: error: ac_nonexistent.h: No such file or directory
configure:2974: $? = 1
configure: failed program was:
| /* confdefs.h.  */
| 
| #define PACKAGE_NAME "xfce4-mount-plugin"
| #define PACKAGE_TARNAME "xfce4-mount-plugin"
| #define PACKAGE_VERSION "0.4.3"
| #define PACKAGE_STRING "xfce4-mount-plugin 0.4.3"
| #define PACKAGE_BUGREPORT "timystery@arcor.de"
| #define PACKAGE "xfce4-mount-plugin"
| #define VERSION "0.4.3"
| /* end confdefs.h.  */
| #include <ac_nonexistent.h>
configure:3013: result: gcc -E
configure:3037: gcc -E  conftest.c
configure:3043: $? = 0
configure:3075: gcc -E  conftest.c
conftest.c:11:28: error: ac_nonexistent.h: No such file or directory
configure:3081: $? = 1
configure: failed program was:
| /* confdefs.h.  */
| 
| #define PACKAGE_NAME "xfce4-mount-plugin"
| #define PACKAGE_TARNAME "xfce4-mount-plugin"
| #define PACKAGE_VERSION "0.4.3"
| #define PACKAGE_STRING "xfce4-mount-plugin 0.4.3"
| #define PACKAGE_BUGREPORT "timystery@arcor.de"
| #define PACKAGE "xfce4-mount-plugin"
| #define VERSION "0.4.3"
| /* end confdefs.h.  */
| #include <ac_nonexistent.h>
configure:3125: checking for egrep
configure:3135: result: grep -E
configure:3141: checking for AIX
configure:3163: result: no
configure:3169: checking for library containing strerror
configure:3199: gcc -o conftest -g -O2   conftest.c  >&5
configure:3205: $? = 0
configure:3208: test -z 			 || test ! -s conftest.err
configure:3211: $? = 0
configure:3214: test -s conftest
configure:3217: $? = 0
configure:3286: result: none required
configure:3293: checking for ANSI C header files
configure:3318: gcc -c -g -O2  conftest.c >&5
configure:3324: $? = 0
configure:3327: test -z 			 || test ! -s conftest.err
configure:3330: $? = 0
configure:3333: test -s conftest.o
configure:3336: $? = 0
configure:3425: gcc -o conftest -g -O2   conftest.c  >&5
conftest.c: In function 'main':
conftest.c:28: warning: incompatible implicit declaration of built-in function 'exit'
configure:3428: $? = 0
configure:3430: ./conftest
configure:3433: $? = 0
configure:3448: result: yes
configure:3472: checking for sys/types.h
configure:3488: gcc -c -g -O2  conftest.c >&5
configure:3494: $? = 0
configure:3497: test -z 			 || test ! -s conftest.err
configure:3500: $? = 0
configure:3503: test -s conftest.o
configure:3506: $? = 0
configure:3517: result: yes
configure:3472: checking for sys/stat.h
configure:3488: gcc -c -g -O2  conftest.c >&5
configure:3494: $? = 0
configure:3497: test -z 			 || test ! -s conftest.err
configure:3500: $? = 0
configure:3503: test -s conftest.o
configure:3506: $? = 0
configure:3517: result: yes
configure:3472: checking for stdlib.h
configure:3488: gcc -c -g -O2  conftest.c >&5
configure:3494: $? = 0
configure:3497: test -z 			 || test ! -s conftest.err
configure:3500: $? = 0
configure:3503: test -s conftest.o
configure:3506: $? = 0
configure:3517: result: yes
configure:3472: checking for string.h
configure:3488: gcc -c -g -O2  conftest.c >&5
configure:3494: $? = 0
configure:3497: test -z 			 || test ! -s conftest.err
configure:3500: $? = 0
configure:3503: test -s conftest.o
configure:3506: $? = 0
configure:3517: result: yes
configure:3472: checking for memory.h
configure:3488: gcc -c -g -O2  conftest.c >&5
configure:3494: $? = 0
configure:3497: test -z 			 || test ! -s conftest.err
configure:3500: $? = 0
configure:3503: test -s conftest.o
configure:3506: $? = 0
configure:3517: result: yes
configure:3472: checking for strings.h
configure:3488: gcc -c -g -O2  conftest.c >&5
configure:3494: $? = 0
configure:3497: test -z 			 || test ! -s conftest.err
configure:3500: $? = 0
configure:3503: test -s conftest.o
configure:3506: $? = 0
configure:3517: result: yes
configure:3472: checking for inttypes.h
configure:3488: gcc -c -g -O2  conftest.c >&5
configure:3494: $? = 0
configure:3497: test -z 			 || test ! -s conftest.err
configure:3500: $? = 0
configure:3503: test -s conftest.o
configure:3506: $? = 0
configure:3517: result: yes
configure:3472: checking for stdint.h
configure:3488: gcc -c -g -O2  conftest.c >&5
configure:3494: $? = 0
configure:3497: test -z 			 || test ! -s conftest.err
configure:3500: $? = 0
configure:3503: test -s conftest.o
configure:3506: $? = 0
configure:3517: result: yes
configure:3472: checking for unistd.h
configure:3488: gcc -c -g -O2  conftest.c >&5
configure:3494: $? = 0
configure:3497: test -z 			 || test ! -s conftest.err
configure:3500: $? = 0
configure:3503: test -s conftest.o
configure:3506: $? = 0
configure:3517: result: yes
configure:3539: checking minix/config.h usability
configure:3551: gcc -c -g -O2  conftest.c >&5
conftest.c:55:26: error: minix/config.h: No such file or directory
configure:3557: $? = 1
configure: failed program was:
| /* confdefs.h.  */
| 
| #define PACKAGE_NAME "xfce4-mount-plugin"
| #define PACKAGE_TARNAME "xfce4-mount-plugin"
| #define PACKAGE_VERSION "0.4.3"
| #define PACKAGE_STRING "xfce4-mount-plugin 0.4.3"
| #define PACKAGE_BUGREPORT "timystery@arcor.de"
| #define PACKAGE "xfce4-mount-plugin"
| #define VERSION "0.4.3"
| #define STDC_HEADERS 1
| #define HAVE_SYS_TYPES_H 1
| #define HAVE_SYS_STAT_H 1
| #define HAVE_STDLIB_H 1
| #define HAVE_STRING_H 1
| #define HAVE_MEMORY_H 1
| #define HAVE_STRINGS_H 1
| #define HAVE_INTTYPES_H 1
| #define HAVE_STDINT_H 1
| #define HAVE_UNISTD_H 1
| /* end confdefs.h.  */
| #include <stdio.h>
| #if HAVE_SYS_TYPES_H
| # include <sys/types.h>
| #endif
| #if HAVE_SYS_STAT_H
| # include <sys/stat.h>
| #endif
| #if STDC_HEADERS
| # include <stdlib.h>
| # include <stddef.h>
| #else
| # if HAVE_STDLIB_H
| #  include <stdlib.h>
| # endif
| #endif
| #if HAVE_STRING_H
| # if !STDC_HEADERS && HAVE_MEMORY_H
| #  include <memory.h>
| # endif
| # include <string.h>
| #endif
| #if HAVE_STRINGS_H
| # include <strings.h>
| #endif
| #if HAVE_INTTYPES_H
| # include <inttypes.h>
| #else
| # if HAVE_STDINT_H
| #  include <stdint.h>
| # endif
| #endif
| #if HAVE_UNISTD_H
| # include <unistd.h>
| #endif
| #include <minix/config.h>
configure:3579: result: no
configure:3583: checking minix/config.h presence
configure:3593: gcc -E  conftest.c
conftest.c:21:26: error: minix/config.h: No such file or directory
configure:3599: $? = 1
configure: failed program was:
| /* confdefs.h.  */
| 
| #define PACKAGE_NAME "xfce4-mount-plugin"
| #define PACKAGE_TARNAME "xfce4-mount-plugin"
| #define PACKAGE_VERSION "0.4.3"
| #define PACKAGE_STRING "xfce4-mount-plugin 0.4.3"
| #define PACKAGE_BUGREPORT "timystery@arcor.de"
| #define PACKAGE "xfce4-mount-plugin"
| #define VERSION "0.4.3"
| #define STDC_HEADERS 1
| #define HAVE_SYS_TYPES_H 1
| #define HAVE_SYS_STAT_H 1
| #define HAVE_STDLIB_H 1
| #define HAVE_STRING_H 1
| #define HAVE_MEMORY_H 1
| #define HAVE_STRINGS_H 1
| #define HAVE_INTTYPES_H 1
| #define HAVE_STDINT_H 1
| #define HAVE_UNISTD_H 1
| /* end confdefs.h.  */
| #include <minix/config.h>
configure:3619: result: no
configure:3654: checking for minix/config.h
configure:3661: result: no
configure:3737: checking for gcc
configure:3763: result: gcc
configure:4007: checking for C compiler version
configure:4010: gcc --version </dev/null >&5
gcc (GCC) 4.0.2 (Debian 4.0.2-2)
Copyright (C) 2005 Free Software Foundation, Inc.
This is free software; see the source for copying conditions.  There is NO
warranty; not even for MERCHANTABILITY or FITNESS FOR A PARTICULAR PURPOSE.

configure:4013: $? = 0
configure:4015: gcc -v </dev/null >&5
Using built-in specs.
Target: i486-linux-gnu
Configured with: ../src/configure -v --enable-languages=c,c++,java,f95,objc,ada,treelang --prefix=/usr --enable-shared --with-system-zlib --libexecdir=/usr/lib --without-included-gettext --enable-threads=posix --enable-nls --program-suffix=-4.0 --enable-__cxa_atexit --enable-libstdcxx-allocator=mt --enable-clocale=gnu --enable-libstdcxx-debug --enable-java-gc=boehm --enable-java-awt=gtk --enable-gtk-cairo --with-java-home=/usr/lib/jvm/java-1.4.2-gcj-4.0-1.4.2.0/jre --enable-mpfr --disable-werror --enable-checking=release i486-linux-gnu
Thread model: posix
gcc version 4.0.2 (Debian 4.0.2-2)
configure:4018: $? = 0
configure:4020: gcc -V </dev/null >&5
gcc: '-V' option must have argument
configure:4023: $? = 1
configure:4026: checking whether we are using the GNU C compiler
configure:4081: result: yes
configure:4087: checking whether gcc accepts -g
configure:4137: result: yes
configure:4154: checking for gcc option to accept ANSI C
configure:4260: result: none needed
configure:4278: gcc -c -g -O2  conftest.c >&5
conftest.c:2: error: syntax error before 'me'
configure:4284: $? = 1
configure: failed program was:
| #ifndef __cplusplus
|   choke me
| #endif
configure:4416: checking dependency style of gcc
configure:4506: result: gcc3
configure:4536: checking for a BSD-compatible install
configure:4591: result: /usr/bin/install -c
configure:4672: checking for perl
configure:4690: found /usr/bin/perl
configure:4702: result: /usr/bin/perl
configure:4720: checking for XML::Parser
configure:4723: result: ok
configure:4734: checking for iconv
configure:4752: found /usr/bin/iconv
configure:4765: result: /usr/bin/iconv
configure:4774: checking for msgfmt
configure:4792: found /usr/bin/msgfmt
configure:4805: result: /usr/bin/msgfmt
configure:4814: checking for msgmerge
configure:4832: found /usr/bin/msgmerge
configure:4845: result: /usr/bin/msgmerge
configure:4854: checking for xgettext
configure:4872: found /usr/bin/xgettext
configure:4885: result: /usr/bin/xgettext
configure:4908: checking for ANSI C header files
configure:5063: result: yes
configure:5080: checking for gethostname
configure:5137: gcc -o conftest -g -O2   conftest.c  >&5
configure:5143: $? = 0
configure:5146: test -z 			 || test ! -s conftest.err
configure:5149: $? = 0
configure:5152: test -s conftest
configure:5155: $? = 0
configure:5167: result: yes
configure:5181: checking for memset
configure:5238: gcc -o conftest -g -O2   conftest.c  >&5
conftest.c:47: warning: conflicting types for built-in function 'memset'
configure:5244: $? = 0
configure:5247: test -z 			 || test ! -s conftest.err
configure:5250: $? = 0
configure:5253: test -s conftest
configure:5256: $? = 0
configure:5268: result: yes
configure:5282: checking for socket
configure:5339: gcc -o conftest -g -O2   conftest.c  >&5
configure:5345: $? = 0
configure:5348: test -z 			 || test ! -s conftest.err
configure:5351: $? = 0
configure:5354: test -s conftest
configure:5357: $? = 0
configure:5369: result: yes
configure:5383: checking for strstr
configure:5440: gcc -o conftest -g -O2   conftest.c  >&5
conftest.c:49: warning: conflicting types for built-in function 'strstr'
configure:5446: $? = 0
configure:5449: test -z 			 || test ! -s conftest.err
configure:5452: $? = 0
configure:5455: test -s conftest
configure:5458: $? = 0
configure:5470: result: yes
configure:5484: checking for malloc
configure:5541: gcc -o conftest -g -O2   conftest.c  >&5
conftest.c:50: warning: conflicting types for built-in function 'malloc'
configure:5547: $? = 0
configure:5550: test -z 			 || test ! -s conftest.err
configure:5553: $? = 0
configure:5556: test -s conftest
configure:5559: $? = 0
configure:5571: result: yes
configure:5585: checking for bzero
configure:5642: gcc -o conftest -g -O2   conftest.c  >&5
conftest.c:51: warning: conflicting types for built-in function 'bzero'
configure:5648: $? = 0
configure:5651: test -z 			 || test ! -s conftest.err
configure:5654: $? = 0
configure:5657: test -s conftest
configure:5660: $? = 0
configure:5672: result: yes
configure:5696: checking arpa/inet.h usability
configure:5708: gcc -c -g -O2  conftest.c >&5
configure:5714: $? = 0
configure:5717: test -z 			 || test ! -s conftest.err
configure:5720: $? = 0
configure:5723: test -s conftest.o
configure:5726: $? = 0
configure:5736: result: yes
configure:5740: checking arpa/inet.h presence
configure:5750: gcc -E  conftest.c
configure:5756: $? = 0
configure:5776: result: yes
configure:5811: checking for arpa/inet.h
configure:5818: result: yes
configure:5845: checking netinet/in.h usability
configure:5857: gcc -c -g -O2  conftest.c >&5
configure:5863: $? = 0
configure:5866: test -z 			 || test ! -s conftest.err
configure:5869: $? = 0
configure:5872: test -s conftest.o
configure:5875: $? = 0
configure:5885: result: yes
configure:5889: checking netinet/in.h presence
configure:5899: gcc -E  conftest.c
configure:5905: $? = 0
configure:5925: result: yes
configure:5960: checking for netinet/in.h
configure:5967: result: yes
configure:5985: checking for stdlib.h
configure:5990: result: yes
configure:6134: checking for string.h
configure:6139: result: yes
configure:6292: checking sys/ioctl.h usability
configure:6304: gcc -c -g -O2  conftest.c >&5
configure:6310: $? = 0
configure:6313: test -z 			 || test ! -s conftest.err
configure:6316: $? = 0
configure:6319: test -s conftest.o
configure:6322: $? = 0
configure:6332: result: yes
configure:6336: checking sys/ioctl.h presence
configure:6346: gcc -E  conftest.c
configure:6352: $? = 0
configure:6372: result: yes
configure:6407: checking for sys/ioctl.h
configure:6414: result: yes
configure:6441: checking sys/param.h usability
configure:6453: gcc -c -g -O2  conftest.c >&5
configure:6459: $? = 0
configure:6462: test -z 			 || test ! -s conftest.err
configure:6465: $? = 0
configure:6468: test -s conftest.o
configure:6471: $? = 0
configure:6481: result: yes
configure:6485: checking sys/param.h presence
configure:6495: gcc -E  conftest.c
configure:6501: $? = 0
configure:6521: result: yes
configure:6556: checking for sys/param.h
configure:6563: result: yes
configure:6590: checking sys/socket.h usability
configure:6602: gcc -c -g -O2  conftest.c >&5
configure:6608: $? = 0
configure:6611: test -z 			 || test ! -s conftest.err
configure:6614: $? = 0
configure:6617: test -s conftest.o
configure:6620: $? = 0
configure:6630: result: yes
configure:6634: checking sys/socket.h presence
configure:6644: gcc -E  conftest.c
configure:6650: $? = 0
configure:6670: result: yes
configure:6705: checking for sys/socket.h
configure:6712: result: yes
configure:6739: checking sys/time.h usability
configure:6751: gcc -c -g -O2  conftest.c >&5
configure:6757: $? = 0
configure:6760: test -z 			 || test ! -s conftest.err
configure:6763: $? = 0
configure:6766: test -s conftest.o
configure:6769: $? = 0
configure:6779: result: yes
configure:6783: checking sys/time.h presence
configure:6793: gcc -E  conftest.c
configure:6799: $? = 0
configure:6819: result: yes
configure:6854: checking for sys/time.h
configure:6861: result: yes
configure:6879: checking for unistd.h
configure:6884: result: yes
configure:7037: checking sys/sockio.h usability
configure:7049: gcc -c -g -O2  conftest.c >&5
conftest.c:71:24: error: sys/sockio.h: No such file or directory
configure:7055: $? = 1
configure: failed program was:
| /* confdefs.h.  */
| 
| #define PACKAGE_NAME "xfce4-mount-plugin"
| #define PACKAGE_TARNAME "xfce4-mount-plugin"
| #define PACKAGE_VERSION "0.4.3"
| #define PACKAGE_STRING "xfce4-mount-plugin 0.4.3"
| #define PACKAGE_BUGREPORT "timystery@arcor.de"
| #define PACKAGE "xfce4-mount-plugin"
| #define VERSION "0.4.3"
| #define STDC_HEADERS 1
| #define HAVE_SYS_TYPES_H 1
| #define HAVE_SYS_STAT_H 1
| #define HAVE_STDLIB_H 1
| #define HAVE_STRING_H 1
| #define HAVE_MEMORY_H 1
| #define HAVE_STRINGS_H 1
| #define HAVE_INTTYPES_H 1
| #define HAVE_STDINT_H 1
| #define HAVE_UNISTD_H 1
| #define STDC_HEADERS 1
| #define HAVE_GETHOSTNAME 1
| #define HAVE_MEMSET 1
| #define HAVE_SOCKET 1
| #define HAVE_STRSTR 1
| #define HAVE_MALLOC 1
| #define HAVE_BZERO 1
| #define HAVE_ARPA_INET_H 1
| #define HAVE_NETINET_IN_H 1
| #define HAVE_STDLIB_H 1
| #define HAVE_STRING_H 1
| #define HAVE_SYS_IOCTL_H 1
| #define HAVE_SYS_PARAM_H 1
| #define HAVE_SYS_SOCKET_H 1
| #define HAVE_SYS_TIME_H 1
| #define HAVE_UNISTD_H 1
| /* end confdefs.h.  */
| #include <stdio.h>
| #if HAVE_SYS_TYPES_H
| # include <sys/types.h>
| #endif
| #if HAVE_SYS_STAT_H
| # include <sys/stat.h>
| #endif
| #if STDC_HEADERS
| # include <stdlib.h>
| # include <stddef.h>
| #else
| # if HAVE_STDLIB_H
| #  include <stdlib.h>
| # endif
| #endif
| #if HAVE_STRING_H
| # if !STDC_HEADERS && HAVE_MEMORY_H
| #  include <memory.h>
| # endif
| # include <string.h>
| #endif
| #if HAVE_STRINGS_H
| # include <strings.h>
| #endif
| #if HAVE_INTTYPES_H
| # include <inttypes.h>
| #else
| # if HAVE_STDINT_H
| #  include <stdint.h>
| # endif
| #endif
| #if HAVE_UNISTD_H
| # include <unistd.h>
| #endif
| #include <sys/sockio.h>
configure:7077: result: no
configure:7081: checking sys/sockio.h presence
configure:7091: gcc -E  conftest.c
conftest.c:37:24: error: sys/sockio.h: No such file or directory
configure:7097: $? = 1
configure: failed program was:
| /* confdefs.h.  */
| 
| #define PACKAGE_NAME "xfce4-mount-plugin"
| #define PACKAGE_TARNAME "xfce4-mount-plugin"
| #define PACKAGE_VERSION "0.4.3"
| #define PACKAGE_STRING "xfce4-mount-plugin 0.4.3"
| #define PACKAGE_BUGREPORT "timystery@arcor.de"
| #define PACKAGE "xfce4-mount-plugin"
| #define VERSION "0.4.3"
| #define STDC_HEADERS 1
| #define HAVE_SYS_TYPES_H 1
| #define HAVE_SYS_STAT_H 1
| #define HAVE_STDLIB_H 1
| #define HAVE_STRING_H 1
| #define HAVE_MEMORY_H 1
| #define HAVE_STRINGS_H 1
| #define HAVE_INTTYPES_H 1
| #define HAVE_STDINT_H 1
| #define HAVE_UNISTD_H 1
| #define STDC_HEADERS 1
| #define HAVE_GETHOSTNAME 1
| #define HAVE_MEMSET 1
| #define HAVE_SOCKET 1
| #define HAVE_STRSTR 1
| #define HAVE_MALLOC 1
| #define HAVE_BZERO 1
| #define HAVE_ARPA_INET_H 1
| #define HAVE_NETINET_IN_H 1
| #define HAVE_STDLIB_H 1
| #define HAVE_STRING_H 1
| #define HAVE_SYS_IOCTL_H 1
| #define HAVE_SYS_PARAM_H 1
| #define HAVE_SYS_SOCKET_H 1
| #define HAVE_SYS_TIME_H 1
| #define HAVE_UNISTD_H 1
| /* end confdefs.h.  */
| #include <sys/sockio.h>
configure:7117: result: no
configure:7152: checking for sys/sockio.h
configure:7159: result: no
configure:7172: checking for sys/wait.h that is POSIX.1 compatible
configure:7203: gcc -c -g -O2  conftest.c >&5
configure:7209: $? = 0
configure:7212: test -z 			 || test ! -s conftest.err
configure:7215: $? = 0
configure:7218: test -s conftest.o
configure:7221: $? = 0
configure:7232: result: yes
configure:7243: checking whether gcc needs -traditional
configure:7285: result: no
configure:7292: checking for size_t
configure:7316: gcc -c -g -O2  conftest.c >&5
configure:7322: $? = 0
configure:7325: test -z 			 || test ! -s conftest.err
configure:7328: $? = 0
configure:7331: test -s conftest.o
configure:7334: $? = 0
configure:7345: result: yes
configure:7358: checking for kstat_open in -lkstat
configure:7388: gcc -o conftest -g -O2   conftest.c -lkstat   >&5
/usr/bin/ld: cannot find -lkstat
collect2: ld returned 1 exit status
configure:7394: $? = 1
configure: failed program was:
| /* confdefs.h.  */
| 
| #define PACKAGE_NAME "xfce4-mount-plugin"
| #define PACKAGE_TARNAME "xfce4-mount-plugin"
| #define PACKAGE_VERSION "0.4.3"
| #define PACKAGE_STRING "xfce4-mount-plugin 0.4.3"
| #define PACKAGE_BUGREPORT "timystery@arcor.de"
| #define PACKAGE "xfce4-mount-plugin"
| #define VERSION "0.4.3"
| #define STDC_HEADERS 1
| #define HAVE_SYS_TYPES_H 1
| #define HAVE_SYS_STAT_H 1
| #define HAVE_STDLIB_H 1
| #define HAVE_STRING_H 1
| #define HAVE_MEMORY_H 1
| #define HAVE_STRINGS_H 1
| #define HAVE_INTTYPES_H 1
| #define HAVE_STDINT_H 1
| #define HAVE_UNISTD_H 1
| #define STDC_HEADERS 1
| #define HAVE_GETHOSTNAME 1
| #define HAVE_MEMSET 1
| #define HAVE_SOCKET 1
| #define HAVE_STRSTR 1
| #define HAVE_MALLOC 1
| #define HAVE_BZERO 1
| #define HAVE_ARPA_INET_H 1
| #define HAVE_NETINET_IN_H 1
| #define HAVE_STDLIB_H 1
| #define HAVE_STRING_H 1
| #define HAVE_SYS_IOCTL_H 1
| #define HAVE_SYS_PARAM_H 1
| #define HAVE_SYS_SOCKET_H 1
| #define HAVE_SYS_TIME_H 1
| #define HAVE_UNISTD_H 1
| #define HAVE_SYS_WAIT_H 1
| /* end confdefs.h.  */
| 
| /* Override any gcc2 internal prototype to avoid an error.  */
| #ifdef __cplusplus
| extern "C"
| #endif
| /* We use char because int might match the return type of a gcc2
|    builtin and then its argument prototype would still apply.  */
| char kstat_open ();
| int
| main ()
| {
| kstat_open ();
|   ;
|   return 0;
| }
configure:7419: result: no
configure:7427: checking for kstat_open in -lnsl
configure:7457: gcc -o conftest -g -O2   conftest.c -lnsl   >&5
/tmp/ccqcfwGY.o: In function `main':
/home/tim/tmp/xfce4-mount-plugin_svn/conftest.c:49: undefined reference to `kstat_open'
collect2: ld returned 1 exit status
configure:7463: $? = 1
configure: failed program was:
| /* confdefs.h.  */
| 
| #define PACKAGE_NAME "xfce4-mount-plugin"
| #define PACKAGE_TARNAME "xfce4-mount-plugin"
| #define PACKAGE_VERSION "0.4.3"
| #define PACKAGE_STRING "xfce4-mount-plugin 0.4.3"
| #define PACKAGE_BUGREPORT "timystery@arcor.de"
| #define PACKAGE "xfce4-mount-plugin"
| #define VERSION "0.4.3"
| #define STDC_HEADERS 1
| #define HAVE_SYS_TYPES_H 1
| #define HAVE_SYS_STAT_H 1
| #define HAVE_STDLIB_H 1
| #define HAVE_STRING_H 1
| #define HAVE_MEMORY_H 1
| #define HAVE_STRINGS_H 1
| #define HAVE_INTTYPES_H 1
| #define HAVE_STDINT_H 1
| #define HAVE_UNISTD_H 1
| #define STDC_HEADERS 1
| #define HAVE_GETHOSTNAME 1
| #define HAVE_MEMSET 1
| #define HAVE_SOCKET 1
| #define HAVE_STRSTR 1
| #define HAVE_MALLOC 1
| #define HAVE_BZERO 1
| #define HAVE_ARPA_INET_H 1
| #define HAVE_NETINET_IN_H 1
| #define HAVE_STDLIB_H 1
| #define HAVE_STRING_H 1
| #define HAVE_SYS_IOCTL_H 1
| #define HAVE_SYS_PARAM_H 1
| #define HAVE_SYS_SOCKET_H 1
| #define HAVE_SYS_TIME_H 1
| #define HAVE_UNISTD_H 1
| #define HAVE_SYS_WAIT_H 1
| /* end confdefs.h.  */
| 
| /* Override any gcc2 internal prototype to avoid an error.  */
| #ifdef __cplusplus
| extern "C"
| #endif
| /* We use char because int might match the return type of a gcc2
|    builtin and then its argument prototype would still apply.  */
| char kstat_open ();
| int
| main ()
| {
| kstat_open ();
|   ;
|   return 0;
| }
configure:7488: result: no
configure:7507: checking for pkg-config
configure:7525: found /usr/bin/pkg-config
configure:7538: result: /usr/bin/pkg-config
configure:7559: checking for pkg-config >= 0.9.0
configure:7563: result: 0.19
configure:7580: checking for libxfce4panel-1.0 >= 4.3.20
configure:7584: result: 4.3.24
configure:7587: checking LIBXFCE4PANEL_CFLAGS
configure:7590: result: -DXTHREADS -I/usr/local/include/xfce4/ -I/usr/X11R6/include -I/usr/local/include/xfce4 -I/usr/include/gtk-2.0 -I/usr/lib/gtk-2.0/include -I/usr/include/pango-1.0 -I/usr/include/freetype2 -I/usr/include/glib-2.0 -I/usr/lib/glib-2.0/include -I/usr/include/atk-1.0  
configure:7593: checking LIBXFCE4PANEL_LIBS
configure:7596: result: -L/usr/local/lib -L/usr/X11R6/lib -lxfce4panel -lxfcegui4 -lgtk-x11-2.0 -lxfce4util -lgdk-x11-2.0 -latk-1.0 -lgdk_pixbuf-2.0 -lm -lpangoxft-1.0 -lpangox-1.0 -lpangoft2-1.0 -lpango-1.0 -lgobject-2.0 -lgmodule-2.0 -ldl -lglib-2.0  
configure:7661: checking locale.h usability
configure:7673: gcc -c -g -O2  conftest.c >&5
configure:7679: $? = 0
configure:7682: test -z 			 || test ! -s conftest.err
configure:7685: $? = 0
configure:7688: test -s conftest.o
configure:7691: $? = 0
configure:7701: result: yes
configure:7705: checking locale.h presence
configure:7715: gcc -E  conftest.c
configure:7721: $? = 0
configure:7741: result: yes
configure:7776: checking for locale.h
configure:7783: result: yes
configure:7797: checking for LC_MESSAGES
configure:7818: gcc -o conftest -g -O2   conftest.c  >&5
configure:7824: $? = 0
configure:7827: test -z 			 || test ! -s conftest.err
configure:7830: $? = 0
configure:7833: test -s conftest
configure:7836: $? = 0
configure:7848: result: yes
configure:7877: checking libintl.h usability
configure:7889: gcc -c -g -O2  conftest.c >&5
configure:7895: $? = 0
configure:7898: test -z 			 || test ! -s conftest.err
configure:7901: $? = 0
configure:7904: test -s conftest.o
configure:7907: $? = 0
configure:7917: result: yes
configure:7921: checking libintl.h presence
configure:7931: gcc -E  conftest.c
configure:7937: $? = 0
configure:7957: result: yes
configure:7992: checking for libintl.h
configure:7999: result: yes
configure:8010: checking for dgettext in libc
configure:8033: gcc -o conftest -g -O2   conftest.c  >&5
configure:8039: $? = 0
configure:8042: test -z 			 || test ! -s conftest.err
configure:8045: $? = 0
configure:8048: test -s conftest
configure:8051: $? = 0
configure:8064: result: yes
configure:8072: checking for bind_textdomain_codeset
configure:8129: gcc -o conftest -g -O2   conftest.c  >&5
configure:8135: $? = 0
configure:8138: test -z 			 || test ! -s conftest.err
configure:8141: $? = 0
configure:8144: test -s conftest
configure:8147: $? = 0
configure:8159: result: yes
configure:8527: checking for msgfmt
configure:8554: result: /usr/bin/msgfmt
configure:8567: checking for dcgettext
configure:8624: gcc -o conftest -g -O2   conftest.c   >&5
conftest.c:67: warning: conflicting types for built-in function 'dcgettext'
configure:8630: $? = 0
configure:8633: test -z 			 || test ! -s conftest.err
configure:8636: $? = 0
configure:8639: test -s conftest
configure:8642: $? = 0
configure:8654: result: yes
configure:8666: checking for gmsgfmt
configure:8697: result: /usr/bin/msgfmt
configure:8706: checking for xgettext
configure:8733: result: /usr/bin/xgettext
configure:8757: gcc -o conftest -g -O2   conftest.c   >&5
configure:8763: $? = 0
configure:8766: test -z 			 || test ! -s conftest.err
configure:8769: $? = 0
configure:8772: test -s conftest
configure:8775: $? = 0
configure:8947: checking for catalogs to be installed
configure:8972: result:  de el fr hu ko lt ru uk
configure:9005: checking for bind_textdomain_codeset
configure:9092: result: yes
configure:9096: checking for locales directory
configure:9112: result: ${prefix}/share/locale
configure:9116: checking for additional xgettext flags
configure:9124: result: --keyword=Q_
configure:9137: checking whether to build with debugging support
configure:9168: result: no
configure:9302: creating ./config.status

## ---------------------- ##
## Running config.status. ##
## ---------------------- ##

This file was extended by xfce4-mount-plugin config.status 0.4.3, which was
generated by GNU Autoconf 2.59.  Invocation command line was

  CONFIG_FILES    = 
  CONFIG_HEADERS  = 
  CONFIG_LINKS    = 
  CONFIG_COMMANDS = 
  $ ./config.status 

on TIM3000

config.status:792: creating Makefile
config.status:792: creating xfce4-mount-plugin.spec
config.status:792: creating panel-plugin/Makefile
config.status:792: creating icons/Makefile
config.status:792: creating po/Makefile.in
config.status:858: creating config.h
config.status:1030: config.h is unchanged
config.status:1210: executing depfiles commands
config.status:1210: executing intltool commands
config.status:1210: executing default-1 commands

## ---------------- ##
## Cache variables. ##
## ---------------- ##

ac_cv_c_compiler_gnu=yes
ac_cv_env_CC_set=
ac_cv_env_CC_value=
ac_cv_env_CFLAGS_set=
ac_cv_env_CFLAGS_value=
ac_cv_env_CPPFLAGS_set=
ac_cv_env_CPPFLAGS_value=
ac_cv_env_CPP_set=
ac_cv_env_CPP_value=
ac_cv_env_LDFLAGS_set=
ac_cv_env_LDFLAGS_value=
ac_cv_env_build_alias_set=
ac_cv_env_build_alias_value=
ac_cv_env_host_alias_set=
ac_cv_env_host_alias_value=
ac_cv_env_target_alias_set=
ac_cv_env_target_alias_value=
ac_cv_exeext=
ac_cv_func_bind_textdomain_codeset=yes
ac_cv_func_bzero=yes
ac_cv_func_dcgettext=yes
ac_cv_func_gethostname=yes
ac_cv_func_malloc=yes
ac_cv_func_memset=yes
ac_cv_func_socket=yes
ac_cv_func_strstr=yes
ac_cv_header_arpa_inet_h=yes
ac_cv_header_inttypes_h=yes
ac_cv_header_libintl_h=yes
ac_cv_header_locale_h=yes
ac_cv_header_memory_h=yes
ac_cv_header_minix_config_h=no
ac_cv_header_netinet_in_h=yes
ac_cv_header_stdc=yes
ac_cv_header_stdint_h=yes
ac_cv_header_stdlib_h=yes
ac_cv_header_string_h=yes
ac_cv_header_strings_h=yes
ac_cv_header_sys_ioctl_h=yes
ac_cv_header_sys_param_h=yes
ac_cv_header_sys_socket_h=yes
ac_cv_header_sys_sockio_h=no
ac_cv_header_sys_stat_h=yes
ac_cv_header_sys_time_h=yes
ac_cv_header_sys_types_h=yes
ac_cv_header_sys_wait_h=yes
ac_cv_header_unistd_h=yes
ac_cv_lib_kstat_kstat_open=no
ac_cv_lib_nsl_kstat_open=no
ac_cv_objext=o
ac_cv_path_GMSGFMT=/usr/bin/msgfmt
ac_cv_path_INTLTOOL_ICONV=/usr/bin/iconv
ac_cv_path_INTLTOOL_MSGFMT=/usr/bin/msgfmt
ac_cv_path_INTLTOOL_MSGMERGE=/usr/bin/msgmerge
ac_cv_path_INTLTOOL_PERL=/usr/bin/perl
ac_cv_path_INTLTOOL_XGETTEXT=/usr/bin/xgettext
ac_cv_path_MSGFMT=/usr/bin/msgfmt
ac_cv_path_PKG_CONFIG=/usr/bin/pkg-config
ac_cv_path_XGETTEXT=/usr/bin/xgettext
ac_cv_path_install='/usr/bin/install -c'
ac_cv_prog_AWK=mawk
ac_cv_prog_CPP='gcc -E'
ac_cv_prog_ac_ct_CC=gcc
ac_cv_prog_cc_g=yes
ac_cv_prog_cc_stdc=
ac_cv_prog_egrep='grep -E'
ac_cv_prog_gcc_traditional=no
ac_cv_prog_make_make_set=yes
ac_cv_search_strerror='none required'
ac_cv_type_size_t=yes
am_cv_CC_dependencies_compiler_type=gcc3
am_cv_val_LC_MESSAGES=yes
gt_cv_func_dgettext_libc=yes
gt_cv_func_dgettext_libintl=no
gt_cv_have_gettext=yes
xdt_cv_PKG_CONFIG_MIN_VERSION=0.9.0
xdt_cv_PKG_CONFIG_VERSION=0.19

## ----------------- ##
## Output variables. ##
## ----------------- ##

ACLOCAL='${SHELL} /home/tim/tmp/xfce4-mount-plugin_svn/missing --run aclocal-1.9'
AMDEPBACKSLASH='\'
AMDEP_FALSE='#'
AMDEP_TRUE=''
AMTAR='${SHELL} /home/tim/tmp/xfce4-mount-plugin_svn/missing --run tar'
AUTOCONF='${SHELL} /home/tim/tmp/xfce4-mount-plugin_svn/missing --run autoconf'
AUTOHEADER='${SHELL} /home/tim/tmp/xfce4-mount-plugin_svn/missing --run autoheader'
AUTOMAKE='${SHELL} /home/tim/tmp/xfce4-mount-plugin_svn/missing --run automake-1.9'
AWK='mawk'
CATALOGS=' de.gmo el.gmo fr.gmo hu.gmo ko.gmo lt.gmo ru.gmo uk.gmo'
CATOBJEXT='.gmo'
CC='gcc'
CCDEPMODE='depmode=gcc3'
CFLAGS='-g -O2'
CPP='gcc -E'
CPPFLAGS=''
CYGPATH_W='echo'
DATADIRNAME='share'
DEFS='-DHAVE_CONFIG_H'
DEPDIR='.deps'
ECHO_C=''
ECHO_N='-n'
ECHO_T=''
EGREP='grep -E'
EXEEXT=''
GETTEXT_PACKAGE='xfce4-mount-plugin'
GMOFILES=' de.gmo el.gmo fr.gmo hu.gmo ko.gmo lt.gmo ru.gmo uk.gmo'
GMSGFMT='/usr/bin/msgfmt'
INSTALL_DATA='${INSTALL} -m 644'
INSTALL_PROGRAM='${INSTALL}'
INSTALL_SCRIPT='${INSTALL}'
INSTALL_STRIP_PROGRAM='${SHELL} $(install_sh) -c -s'
INSTOBJEXT='.mo'
INTLLIBS=''
INTLTOOL_CAVES_RULE='%.caves:     %.caves.in     $(INTLTOOL_MERGE) $(wildcard $(top_srcdir)/po/*.po) ; LC_ALL=C $(INTLTOOL_MERGE) -d -u -c $(top_builddir)/po/.intltool-merge-cache $(top_srcdir)/po $< $@'
INTLTOOL_DESKTOP_RULE='%.desktop:   %.desktop.in   $(INTLTOOL_MERGE) $(wildcard $(top_srcdir)/po/*.po) ; LC_ALL=C $(INTLTOOL_MERGE) -d -u -c $(top_builddir)/po/.intltool-merge-cache $(top_srcdir)/po $< $@'
INTLTOOL_DIRECTORY_RULE='%.directory: %.directory.in $(INTLTOOL_MERGE) $(wildcard $(top_srcdir)/po/*.po) ; LC_ALL=C $(INTLTOOL_MERGE) -d -u -c $(top_builddir)/po/.intltool-merge-cache $(top_srcdir)/po $< $@'
INTLTOOL_EXTRACT='$(top_builddir)/intltool-extract'
INTLTOOL_ICONV='/usr/bin/iconv'
INTLTOOL_KBD_RULE='%.kbd:       %.kbd.in       $(INTLTOOL_MERGE) $(wildcard $(top_srcdir)/po/*.po) ; LC_ALL=C $(INTLTOOL_MERGE) -x -u -m -c $(top_builddir)/po/.intltool-merge-cache $(top_srcdir)/po $< $@'
INTLTOOL_KEYS_RULE='%.keys:      %.keys.in      $(INTLTOOL_MERGE) $(wildcard $(top_srcdir)/po/*.po) ; LC_ALL=C $(INTLTOOL_MERGE) -k -u -c $(top_builddir)/po/.intltool-merge-cache $(top_srcdir)/po $< $@'
INTLTOOL_MERGE='$(top_builddir)/intltool-merge'
INTLTOOL_MSGFMT='/usr/bin/msgfmt'
INTLTOOL_MSGMERGE='/usr/bin/msgmerge'
INTLTOOL_OAF_RULE='%.oaf:       %.oaf.in       $(INTLTOOL_MERGE) $(wildcard $(top_srcdir)/po/*.po) ; LC_ALL=C $(INTLTOOL_MERGE) -o -p $(top_srcdir)/po $< $@'
INTLTOOL_PERL='/usr/bin/perl'
INTLTOOL_PONG_RULE='%.pong:      %.pong.in      $(INTLTOOL_MERGE) $(wildcard $(top_srcdir)/po/*.po) ; LC_ALL=C $(INTLTOOL_MERGE) -x -u -c $(top_builddir)/po/.intltool-merge-cache $(top_srcdir)/po $< $@'
INTLTOOL_PROP_RULE='%.prop:      %.prop.in      $(INTLTOOL_MERGE) $(wildcard $(top_srcdir)/po/*.po) ; LC_ALL=C $(INTLTOOL_MERGE) -d -u -c $(top_builddir)/po/.intltool-merge-cache $(top_srcdir)/po $< $@'
INTLTOOL_SCHEMAS_RULE='%.schemas:   %.schemas.in   $(INTLTOOL_MERGE) $(wildcard $(top_srcdir)/po/*.po) ; LC_ALL=C $(INTLTOOL_MERGE) -s -u -c $(top_builddir)/po/.intltool-merge-cache $(top_srcdir)/po $< $@'
INTLTOOL_SERVER_RULE='%.server:    %.server.in    $(INTLTOOL_MERGE) $(wildcard $(top_srcdir)/po/*.po) ; LC_ALL=C $(INTLTOOL_MERGE) -o -u -c $(top_builddir)/po/.intltool-merge-cache $(top_srcdir)/po $< $@'
INTLTOOL_SHEET_RULE='%.sheet:     %.sheet.in     $(INTLTOOL_MERGE) $(wildcard $(top_srcdir)/po/*.po) ; LC_ALL=C $(INTLTOOL_MERGE) -x -u -c $(top_builddir)/po/.intltool-merge-cache $(top_srcdir)/po $< $@'
INTLTOOL_SOUNDLIST_RULE='%.soundlist: %.soundlist.in $(INTLTOOL_MERGE) $(wildcard $(top_srcdir)/po/*.po) ; LC_ALL=C $(INTLTOOL_MERGE) -d -u -c $(top_builddir)/po/.intltool-merge-cache $(top_srcdir)/po $< $@'
INTLTOOL_THEME_RULE='%.theme:     %.theme.in     $(INTLTOOL_MERGE) $(wildcard $(top_srcdir)/po/*.po) ; LC_ALL=C $(INTLTOOL_MERGE) -d -u -c $(top_builddir)/po/.intltool-merge-cache $(top_srcdir)/po $< $@'
INTLTOOL_UI_RULE='%.ui:        %.ui.in        $(INTLTOOL_MERGE) $(wildcard $(top_srcdir)/po/*.po) ; LC_ALL=C $(INTLTOOL_MERGE) -x -u -c $(top_builddir)/po/.intltool-merge-cache $(top_srcdir)/po $< $@'
INTLTOOL_UPDATE='$(top_builddir)/intltool-update'
INTLTOOL_XAM_RULE='%.xam:       %.xml.in       $(INTLTOOL_MERGE) $(wildcard $(top_srcdir)/po/*.po) ; LC_ALL=C $(INTLTOOL_MERGE) -x -u -c $(top_builddir)/po/.intltool-merge-cache $(top_srcdir)/po $< $@'
INTLTOOL_XGETTEXT='/usr/bin/xgettext'
INTLTOOL_XML_NOMERGE_RULE='%.xml:       %.xml.in       $(INTLTOOL_MERGE) ; LC_ALL=C $(INTLTOOL_MERGE) -x -u /tmp $< $@'
INTLTOOL_XML_RULE='%.xml:       %.xml.in       $(INTLTOOL_MERGE) $(wildcard $(top_srcdir)/po/*.po) ; LC_ALL=C $(INTLTOOL_MERGE) -x -u -c $(top_builddir)/po/.intltool-merge-cache $(top_srcdir)/po $< $@'
LDFLAGS=''
LIBOBJS=''
LIBS=''
LIBXFCE4PANEL_CFLAGS='-DXTHREADS -I/usr/local/include/xfce4/ -I/usr/X11R6/include -I/usr/local/include/xfce4 -I/usr/include/gtk-2.0 -I/usr/lib/gtk-2.0/include -I/usr/include/pango-1.0 -I/usr/include/freetype2 -I/usr/include/glib-2.0 -I/usr/lib/glib-2.0/include -I/usr/include/atk-1.0  '
LIBXFCE4PANEL_LIBS='-L/usr/local/lib -L/usr/X11R6/lib -lxfce4panel -lxfcegui4 -lgtk-x11-2.0 -lxfce4util -lgdk-x11-2.0 -latk-1.0 -lgdk_pixbuf-2.0 -lm -lpangoxft-1.0 -lpangox-1.0 -lpangoft2-1.0 -lpango-1.0 -lgobject-2.0 -lgmodule-2.0 -ldl -lglib-2.0  '
LIBXFCE4PANEL_REQUIRED_VERSION='4.3.20'
LIBXFCE4PANEL_VERSION='4.3.24'
LTLIBOBJS=''
MAINT=''
MAINTAINER_MODE_FALSE='#'
MAINTAINER_MODE_TRUE=''
MAKEINFO='${SHELL} /home/tim/tmp/xfce4-mount-plugin_svn/missing --run makeinfo'
MKINSTALLDIRS='./mkinstalldirs'
MSGFMT='/usr/bin/msgfmt'
OBJEXT='o'
OS=''
PACKAGE='xfce4-mount-plugin'
PACKAGE_BUGREPORT='timystery@arcor.de'
PACKAGE_NAME='xfce4-mount-plugin'
PACKAGE_STRING='xfce4-mount-plugin 0.4.3'
PACKAGE_TARNAME='xfce4-mount-plugin'
PACKAGE_VERSION='0.4.3'
PATH_SEPARATOR=':'
PKG_CONFIG='/usr/bin/pkg-config'
POFILES=' de.po el.po fr.po hu.po ko.po lt.po ru.po uk.po'
POSUB='po'
PO_IN_DATADIR_FALSE=''
PO_IN_DATADIR_TRUE=''
SET_MAKE=''
SHELL='/bin/sh'
SOLLIBS=''
STRIP=''
USE_NLS='yes'
VERSION='0.4.3'
XGETTEXT='/usr/bin/xgettext'
XGETTEXT_ARGS='--keyword=Q_'
ac_ct_CC='gcc'
ac_ct_STRIP=''
am__fastdepCC_FALSE='#'
am__fastdepCC_TRUE=''
am__include='include'
am__leading_dot='.'
am__quote=''
am__tar='${AMTAR} chof - "$$tardir"'
am__untar='${AMTAR} xf -'
bindir='${exec_prefix}/bin'
build_alias=''
datadir='${prefix}/share'
exec_prefix='${prefix}'
host_alias=''
includedir='${prefix}/include'
infodir='${prefix}/info'
install_sh='/home/tim/tmp/xfce4-mount-plugin_svn/install-sh'
libdir='${exec_prefix}/lib'
libexecdir='${exec_prefix}/libexec'
localedir='${prefix}/share/locale'
localstatedir='${prefix}/var'
mandir='${prefix}/man'
mkdir_p='mkdir -p --'
oldincludedir='/usr/include'
prefix='/usr/local'
program_transform_name='s,x,x,'
sbindir='${exec_prefix}/sbin'
sharedstatedir='${prefix}/com'
sysconfdir='${prefix}/etc'
target_alias=''

## ----------- ##
## confdefs.h. ##
## ----------- ##

#define ENABLE_NLS 1
#define GETTEXT_PACKAGE "xfce4-mount-plugin"
#define HAVE_ARPA_INET_H 1
#define HAVE_BIND_TEXTDOMAIN_CODESET 1
#define HAVE_BZERO 1
#define HAVE_DCGETTEXT 1
#define HAVE_GETHOSTNAME 1
#define HAVE_GETTEXT 1
#define HAVE_INTTYPES_H 1
#define HAVE_LC_MESSAGES 1
#define HAVE_LOCALE_H 1
#define HAVE_MALLOC 1
#define HAVE_MEMORY_H 1
#define HAVE_MEMSET 1
#define HAVE_NETINET_IN_H 1
#define HAVE_SOCKET 1
#define HAVE_STDINT_H 1
#define HAVE_STDLIB_H 1
#define HAVE_STDLIB_H 1
#define HAVE_STRINGS_H 1
#define HAVE_STRING_H 1
#define HAVE_STRING_H 1
#define HAVE_STRSTR 1
#define HAVE_SYS_IOCTL_H 1
#define HAVE_SYS_PARAM_H 1
#define HAVE_SYS_SOCKET_H 1
#define HAVE_SYS_STAT_H 1
#define HAVE_SYS_TIME_H 1
#define HAVE_SYS_TYPES_H 1
#define HAVE_SYS_WAIT_H 1
#define HAVE_UNISTD_H 1
#define HAVE_UNISTD_H 1
#define PACKAGE "xfce4-mount-plugin"
#define PACKAGE_BUGREPORT "timystery@arcor.de"
#define PACKAGE_NAME "xfce4-mount-plugin"
#define PACKAGE_STRING "xfce4-mount-plugin 0.4.3"
#define PACKAGE_TARNAME "xfce4-mount-plugin"
#define PACKAGE_VERSION "0.4.3"
#define STDC_HEADERS 1
#define STDC_HEADERS 1
#define VERSION "0.4.3"

configure: exit 0

## ---------------------- ##
## Running config.status. ##
## ---------------------- ##

This file was extended by xfce4-mount-plugin config.status 0.4.3, which was
generated by GNU Autoconf 2.59.  Invocation command line was

  CONFIG_FILES    = 
  CONFIG_HEADERS  = 
  CONFIG_LINKS    = 
  CONFIG_COMMANDS = 
  $ ./config.status config.h

on TIM3000

config.status:858: creating config.h
config.status:1030: config.h is unchanged
