This file contains any messages produced by compilers while
running configure, to aid debugging if configure makes a mistake.

It was created by configure, which was
generated by GNU Autoconf 2.59.  Invocation command line was

  $ ./configure --enable-maintainer-mode

## --------- ##
## Platform. ##
## --------- ##

hostname = TIM3000
uname -m = i686
uname -r = 2.4.27-2-k7
uname -s = Linux
uname -v = #1 Tue Aug 16 17:30:14 JST 2005

/usr/bin/uname -p = unknown
/bin/uname -X     = unknown

/bin/arch              = i686
/usr/bin/arch -k       = unknown
/usr/convex/getsysinfo = unknown
hostinfo               = unknown
/bin/machine           = unknown
/usr/bin/oslevel       = unknown
/bin/universe          = unknown

PATH: /sbin
PATH: /usr/local/bin
PATH: /usr/bin
PATH: /bin
PATH: /usr/bin/X11
PATH: /usr/games


## ----------- ##
## Core tests. ##
## ----------- ##

configure:1551: checking for a BSD-compatible install
configure:1606: result: /usr/bin/install -c
configure:1617: checking whether build environment is sane
configure:1660: result: yes
configure:1725: checking for gawk
configure:1754: result: no
configure:1725: checking for mawk
configure:1741: found /usr/bin/mawk
configure:1751: result: mawk
configure:1761: checking whether make sets $(MAKE)
configure:1781: result: yes
configure:1950: checking whether to enable maintainer-specific portions of Makefiles
configure:1959: result: yes
configure:1987: checking for style of include used by make
configure:2015: result: GNU
configure:2086: checking for gcc
configure:2102: found /usr/bin/gcc
configure:2112: result: gcc
configure:2356: checking for C compiler version
configure:2359: gcc --version </dev/null >&5
gcc (GCC) 3.3.6 (Debian 1:3.3.6-10)
Copyright (C) 2003 Free Software Foundation, Inc.
This is free software; see the source for copying conditions.  There is NO
warranty; not even for MERCHANTABILITY or FITNESS FOR A PARTICULAR PURPOSE.

configure:2362: $? = 0
configure:2364: gcc -v </dev/null >&5
Reading specs from /usr/lib/gcc-lib/i486-linux-gnu/3.3.6/specs
Configured with: ../src/configure -v --enable-languages=c,c++,ada --prefix=/usr --mandir=/usr/share/man --infodir=/usr/share/info --with-gxx-include-dir=/usr/include/c++/3.3 --enable-shared --enable-__cxa_atexit --with-system-zlib --enable-nls --without-included-gettext --enable-clocale=gnu --enable-debug i486-linux-gnu
Thread model: posix
gcc version 3.3.6 (Debian 1:3.3.6-10)
configure:2367: $? = 0
configure:2369: gcc -V </dev/null >&5
gcc: `-V' option must have argument
configure:2372: $? = 1
configure:2395: checking for C compiler default output file name
configure:2398: gcc    conftest.c  >&5
configure:2401: $? = 0
configure:2447: result: a.out
configure:2452: checking whether the C compiler works
configure:2458: ./a.out
configure:2461: $? = 0
configure:2478: result: yes
configure:2485: checking whether we are cross compiling
configure:2487: result: no
configure:2490: checking for suffix of executables
configure:2492: gcc -o conftest    conftest.c  >&5
configure:2495: $? = 0
configure:2520: result: 
configure:2526: checking for suffix of object files
configure:2547: gcc -c   conftest.c >&5
configure:2550: $? = 0
configure:2572: result: o
configure:2576: checking whether we are using the GNU C compiler
configure:2600: gcc -c   conftest.c >&5
configure:2606: $? = 0
configure:2609: test -z 			 || test ! -s conftest.err
configure:2612: $? = 0
configure:2615: test -s conftest.o
configure:2618: $? = 0
configure:2631: result: yes
configure:2637: checking whether gcc accepts -g
configure:2658: gcc -c -g  conftest.c >&5
configure:2664: $? = 0
configure:2667: test -z 			 || test ! -s conftest.err
configure:2670: $? = 0
configure:2673: test -s conftest.o
configure:2676: $? = 0
configure:2687: result: yes
configure:2704: checking for gcc option to accept ANSI C
configure:2774: gcc  -c -g -O2  conftest.c >&5
configure:2780: $? = 0
configure:2783: test -z 			 || test ! -s conftest.err
configure:2786: $? = 0
configure:2789: test -s conftest.o
configure:2792: $? = 0
configure:2810: result: none needed
configure:2828: gcc -c -g -O2  conftest.c >&5
conftest.c:2: error: syntax error before "me"
configure:2834: $? = 1
configure: failed program was:
| #ifndef __cplusplus
|   choke me
| #endif
configure:2966: checking dependency style of gcc
configure:3056: result: gcc3
configure:3079: checking how to run the C preprocessor
configure:3114: gcc -E  conftest.c
configure:3120: $? = 0
configure:3152: gcc -E  conftest.c
conftest.c:11:28: ac_nonexistent.h: No such file or directory
configure:3158: $? = 1
configure: failed program was:
| /* confdefs.h.  */
| 
| #define PACKAGE_NAME ""
| #define PACKAGE_TARNAME ""
| #define PACKAGE_VERSION ""
| #define PACKAGE_STRING ""
| #define PACKAGE_BUGREPORT ""
| #define PACKAGE "xfce4-mount-plugin"
| #define VERSION "0.3.2"
| /* end confdefs.h.  */
| #include <ac_nonexistent.h>
configure:3197: result: gcc -E
configure:3221: gcc -E  conftest.c
configure:3227: $? = 0
configure:3259: gcc -E  conftest.c
conftest.c:11:28: ac_nonexistent.h: No such file or directory
configure:3265: $? = 1
configure: failed program was:
| /* confdefs.h.  */
| 
| #define PACKAGE_NAME ""
| #define PACKAGE_TARNAME ""
| #define PACKAGE_VERSION ""
| #define PACKAGE_STRING ""
| #define PACKAGE_BUGREPORT ""
| #define PACKAGE "xfce4-mount-plugin"
| #define VERSION "0.3.2"
| /* end confdefs.h.  */
| #include <ac_nonexistent.h>
configure:3309: checking for egrep
configure:3319: result: grep -E
configure:3325: checking for AIX
configure:3347: result: no
configure:3353: checking for library containing strerror
configure:3383: gcc -o conftest -g -O2   conftest.c  >&5
configure:3389: $? = 0
configure:3392: test -z 			 || test ! -s conftest.err
configure:3395: $? = 0
configure:3398: test -s conftest
configure:3401: $? = 0
configure:3470: result: none required
configure:3477: checking for ANSI C header files
configure:3502: gcc -c -g -O2  conftest.c >&5
configure:3508: $? = 0
configure:3511: test -z 			 || test ! -s conftest.err
configure:3514: $? = 0
configure:3517: test -s conftest.o
configure:3520: $? = 0
configure:3609: gcc -o conftest -g -O2   conftest.c  >&5
configure:3612: $? = 0
configure:3614: ./conftest
configure:3617: $? = 0
configure:3632: result: yes
configure:3656: checking for sys/types.h
configure:3672: gcc -c -g -O2  conftest.c >&5
configure:3678: $? = 0
configure:3681: test -z 			 || test ! -s conftest.err
configure:3684: $? = 0
configure:3687: test -s conftest.o
configure:3690: $? = 0
configure:3701: result: yes
configure:3656: checking for sys/stat.h
configure:3672: gcc -c -g -O2  conftest.c >&5
configure:3678: $? = 0
configure:3681: test -z 			 || test ! -s conftest.err
configure:3684: $? = 0
configure:3687: test -s conftest.o
configure:3690: $? = 0
configure:3701: result: yes
configure:3656: checking for stdlib.h
configure:3672: gcc -c -g -O2  conftest.c >&5
configure:3678: $? = 0
configure:3681: test -z 			 || test ! -s conftest.err
configure:3684: $? = 0
configure:3687: test -s conftest.o
configure:3690: $? = 0
configure:3701: result: yes
configure:3656: checking for string.h
configure:3672: gcc -c -g -O2  conftest.c >&5
configure:3678: $? = 0
configure:3681: test -z 			 || test ! -s conftest.err
configure:3684: $? = 0
configure:3687: test -s conftest.o
configure:3690: $? = 0
configure:3701: result: yes
configure:3656: checking for memory.h
configure:3672: gcc -c -g -O2  conftest.c >&5
configure:3678: $? = 0
configure:3681: test -z 			 || test ! -s conftest.err
configure:3684: $? = 0
configure:3687: test -s conftest.o
configure:3690: $? = 0
configure:3701: result: yes
configure:3656: checking for strings.h
configure:3672: gcc -c -g -O2  conftest.c >&5
configure:3678: $? = 0
configure:3681: test -z 			 || test ! -s conftest.err
configure:3684: $? = 0
configure:3687: test -s conftest.o
configure:3690: $? = 0
configure:3701: result: yes
configure:3656: checking for inttypes.h
configure:3672: gcc -c -g -O2  conftest.c >&5
configure:3678: $? = 0
configure:3681: test -z 			 || test ! -s conftest.err
configure:3684: $? = 0
configure:3687: test -s conftest.o
configure:3690: $? = 0
configure:3701: result: yes
configure:3656: checking for stdint.h
configure:3672: gcc -c -g -O2  conftest.c >&5
configure:3678: $? = 0
configure:3681: test -z 			 || test ! -s conftest.err
configure:3684: $? = 0
configure:3687: test -s conftest.o
configure:3690: $? = 0
configure:3701: result: yes
configure:3656: checking for unistd.h
configure:3672: gcc -c -g -O2  conftest.c >&5
configure:3678: $? = 0
configure:3681: test -z 			 || test ! -s conftest.err
configure:3684: $? = 0
configure:3687: test -s conftest.o
configure:3690: $? = 0
configure:3701: result: yes
configure:3723: checking minix/config.h usability
configure:3735: gcc -c -g -O2  conftest.c >&5
conftest.c:55:26: minix/config.h: No such file or directory
configure:3741: $? = 1
configure: failed program was:
| /* confdefs.h.  */
| 
| #define PACKAGE_NAME ""
| #define PACKAGE_TARNAME ""
| #define PACKAGE_VERSION ""
| #define PACKAGE_STRING ""
| #define PACKAGE_BUGREPORT ""
| #define PACKAGE "xfce4-mount-plugin"
| #define VERSION "0.3.2"
| #define STDC_HEADERS 1
| #define HAVE_SYS_TYPES_H 1
| #define HAVE_SYS_STAT_H 1
| #define HAVE_STDLIB_H 1
| #define HAVE_STRING_H 1
| #define HAVE_MEMORY_H 1
| #define HAVE_STRINGS_H 1
| #define HAVE_INTTYPES_H 1
| #define HAVE_STDINT_H 1
| #define HAVE_UNISTD_H 1
| /* end confdefs.h.  */
| #include <stdio.h>
| #if HAVE_SYS_TYPES_H
| # include <sys/types.h>
| #endif
| #if HAVE_SYS_STAT_H
| # include <sys/stat.h>
| #endif
| #if STDC_HEADERS
| # include <stdlib.h>
| # include <stddef.h>
| #else
| # if HAVE_STDLIB_H
| #  include <stdlib.h>
| # endif
| #endif
| #if HAVE_STRING_H
| # if !STDC_HEADERS && HAVE_MEMORY_H
| #  include <memory.h>
| # endif
| # include <string.h>
| #endif
| #if HAVE_STRINGS_H
| # include <strings.h>
| #endif
| #if HAVE_INTTYPES_H
| # include <inttypes.h>
| #else
| # if HAVE_STDINT_H
| #  include <stdint.h>
| # endif
| #endif
| #if HAVE_UNISTD_H
| # include <unistd.h>
| #endif
| #include <minix/config.h>
configure:3763: result: no
configure:3767: checking minix/config.h presence
configure:3777: gcc -E  conftest.c
conftest.c:21:26: minix/config.h: No such file or directory
configure:3783: $? = 1
configure: failed program was:
| /* confdefs.h.  */
| 
| #define PACKAGE_NAME ""
| #define PACKAGE_TARNAME ""
| #define PACKAGE_VERSION ""
| #define PACKAGE_STRING ""
| #define PACKAGE_BUGREPORT ""
| #define PACKAGE "xfce4-mount-plugin"
| #define VERSION "0.3.2"
| #define STDC_HEADERS 1
| #define HAVE_SYS_TYPES_H 1
| #define HAVE_SYS_STAT_H 1
| #define HAVE_STDLIB_H 1
| #define HAVE_STRING_H 1
| #define HAVE_MEMORY_H 1
| #define HAVE_STRINGS_H 1
| #define HAVE_INTTYPES_H 1
| #define HAVE_STDINT_H 1
| #define HAVE_UNISTD_H 1
| /* end confdefs.h.  */
| #include <minix/config.h>
configure:3803: result: no
configure:3838: checking for minix/config.h
configure:3845: result: no
configure:3921: checking for gcc
configure:3947: result: gcc
configure:4191: checking for C compiler version
configure:4194: gcc --version </dev/null >&5
gcc (GCC) 3.3.6 (Debian 1:3.3.6-10)
Copyright (C) 2003 Free Software Foundation, Inc.
This is free software; see the source for copying conditions.  There is NO
warranty; not even for MERCHANTABILITY or FITNESS FOR A PARTICULAR PURPOSE.

configure:4197: $? = 0
configure:4199: gcc -v </dev/null >&5
Reading specs from /usr/lib/gcc-lib/i486-linux-gnu/3.3.6/specs
Configured with: ../src/configure -v --enable-languages=c,c++,ada --prefix=/usr --mandir=/usr/share/man --infodir=/usr/share/info --with-gxx-include-dir=/usr/include/c++/3.3 --enable-shared --enable-__cxa_atexit --with-system-zlib --enable-nls --without-included-gettext --enable-clocale=gnu --enable-debug i486-linux-gnu
Thread model: posix
gcc version 3.3.6 (Debian 1:3.3.6-10)
configure:4202: $? = 0
configure:4204: gcc -V </dev/null >&5
gcc: `-V' option must have argument
configure:4207: $? = 1
configure:4210: checking whether we are using the GNU C compiler
configure:4265: result: yes
configure:4271: checking whether gcc accepts -g
configure:4321: result: yes
configure:4338: checking for gcc option to accept ANSI C
configure:4444: result: none needed
configure:4462: gcc -c -g -O2  conftest.c >&5
conftest.c:2: error: syntax error before "me"
configure:4468: $? = 1
configure: failed program was:
| #ifndef __cplusplus
|   choke me
| #endif
configure:4600: checking dependency style of gcc
configure:4690: result: gcc3
configure:4720: checking for a BSD-compatible install
configure:4775: result: /usr/bin/install -c
configure:4864: checking build system type
configure:4882: result: i686-pc-linux-gnu
configure:4890: checking host system type
configure:4904: result: i686-pc-linux-gnu
configure:4912: checking for a sed that does not truncate output
configure:4966: result: /bin/sed
configure:4980: checking for ld used by gcc
configure:5047: result: /usr/bin/ld
configure:5056: checking if the linker (/usr/bin/ld) is GNU ld
configure:5071: result: yes
configure:5076: checking for /usr/bin/ld option to reload object files
configure:5083: result: -r
configure:5101: checking for BSD-compatible nm
configure:5143: result: /usr/bin/nm -B
configure:5147: checking whether ln -s works
configure:5151: result: yes
configure:5158: checking how to recognise dependent libraries
configure:5330: result: pass_all
configure:5551: checking dlfcn.h usability
configure:5563: gcc -c -g -O2  conftest.c >&5
configure:5569: $? = 0
configure:5572: test -z 			 || test ! -s conftest.err
configure:5575: $? = 0
configure:5578: test -s conftest.o
configure:5581: $? = 0
configure:5591: result: yes
configure:5595: checking dlfcn.h presence
configure:5605: gcc -E  conftest.c
configure:5611: $? = 0
configure:5631: result: yes
configure:5666: checking for dlfcn.h
configure:5673: result: yes
configure:5738: checking for g++
configure:5754: found /usr/bin/g++
configure:5764: result: g++
configure:5780: checking for C++ compiler version
configure:5783: g++ --version </dev/null >&5
g++ (GCC) 3.3.6 (Debian 1:3.3.6-10)
Copyright (C) 2003 Free Software Foundation, Inc.
This is free software; see the source for copying conditions.  There is NO
warranty; not even for MERCHANTABILITY or FITNESS FOR A PARTICULAR PURPOSE.

configure:5786: $? = 0
configure:5788: g++ -v </dev/null >&5
Reading specs from /usr/lib/gcc-lib/i486-linux-gnu/3.3.6/specs
Configured with: ../src/configure -v --enable-languages=c,c++,ada --prefix=/usr --mandir=/usr/share/man --infodir=/usr/share/info --with-gxx-include-dir=/usr/include/c++/3.3 --enable-shared --enable-__cxa_atexit --with-system-zlib --enable-nls --without-included-gettext --enable-clocale=gnu --enable-debug i486-linux-gnu
Thread model: posix
gcc version 3.3.6 (Debian 1:3.3.6-10)
configure:5791: $? = 0
configure:5793: g++ -V </dev/null >&5
g++: `-V' option must have argument
configure:5796: $? = 1
configure:5799: checking whether we are using the GNU C++ compiler
configure:5823: g++ -c   conftest.cc >&5
configure:5829: $? = 0
configure:5832: test -z 			 || test ! -s conftest.err
configure:5835: $? = 0
configure:5838: test -s conftest.o
configure:5841: $? = 0
configure:5854: result: yes
configure:5860: checking whether g++ accepts -g
configure:5881: g++ -c -g  conftest.cc >&5
configure:5887: $? = 0
configure:5890: test -z 			 || test ! -s conftest.err
configure:5893: $? = 0
configure:5896: test -s conftest.o
configure:5899: $? = 0
configure:5910: result: yes
configure:5952: g++ -c -g -O2  conftest.cc >&5
configure:5958: $? = 0
configure:5961: test -z 			 || test ! -s conftest.err
configure:5964: $? = 0
configure:5967: test -s conftest.o
configure:5970: $? = 0
configure:5996: g++ -c -g -O2  conftest.cc >&5
conftest.cc: In function `int main()':
conftest.cc:26: error: `exit' undeclared (first use this function)
conftest.cc:26: error: (Each undeclared identifier is reported only once for 
   each function it appears in.)
configure:6002: $? = 1
configure: failed program was:
| /* confdefs.h.  */
| 
| #define PACKAGE_NAME ""
| #define PACKAGE_TARNAME ""
| #define PACKAGE_VERSION ""
| #define PACKAGE_STRING ""
| #define PACKAGE_BUGREPORT ""
| #define PACKAGE "xfce4-mount-plugin"
| #define VERSION "0.3.2"
| #define STDC_HEADERS 1
| #define HAVE_SYS_TYPES_H 1
| #define HAVE_SYS_STAT_H 1
| #define HAVE_STDLIB_H 1
| #define HAVE_STRING_H 1
| #define HAVE_MEMORY_H 1
| #define HAVE_STRINGS_H 1
| #define HAVE_INTTYPES_H 1
| #define HAVE_STDINT_H 1
| #define HAVE_UNISTD_H 1
| #define HAVE_DLFCN_H 1
| /* end confdefs.h.  */
| 
| int
| main ()
| {
| exit (42);
|   ;
|   return 0;
| }
configure:5952: g++ -c -g -O2  conftest.cc >&5
configure:5958: $? = 0
configure:5961: test -z 			 || test ! -s conftest.err
configure:5964: $? = 0
configure:5967: test -s conftest.o
configure:5970: $? = 0
configure:5996: g++ -c -g -O2  conftest.cc >&5
configure:6002: $? = 0
configure:6005: test -z 			 || test ! -s conftest.err
configure:6008: $? = 0
configure:6011: test -s conftest.o
configure:6014: $? = 0
configure:6039: checking dependency style of g++
configure:6129: result: gcc3
configure:6156: checking how to run the C++ preprocessor
configure:6187: g++ -E  conftest.cc
configure:6193: $? = 0
configure:6225: g++ -E  conftest.cc
conftest.cc:25:28: ac_nonexistent.h: No such file or directory
configure:6231: $? = 1
configure: failed program was:
| /* confdefs.h.  */
| 
| #define PACKAGE_NAME ""
| #define PACKAGE_TARNAME ""
| #define PACKAGE_VERSION ""
| #define PACKAGE_STRING ""
| #define PACKAGE_BUGREPORT ""
| #define PACKAGE "xfce4-mount-plugin"
| #define VERSION "0.3.2"
| #define STDC_HEADERS 1
| #define HAVE_SYS_TYPES_H 1
| #define HAVE_SYS_STAT_H 1
| #define HAVE_STDLIB_H 1
| #define HAVE_STRING_H 1
| #define HAVE_MEMORY_H 1
| #define HAVE_STRINGS_H 1
| #define HAVE_INTTYPES_H 1
| #define HAVE_STDINT_H 1
| #define HAVE_UNISTD_H 1
| #define HAVE_DLFCN_H 1
| #ifdef __cplusplus
| extern "C" void std::exit (int) throw (); using std::exit;
| #endif
| /* end confdefs.h.  */
| #include <ac_nonexistent.h>
configure:6270: result: g++ -E
configure:6294: g++ -E  conftest.cc
configure:6300: $? = 0
configure:6332: g++ -E  conftest.cc
conftest.cc:25:28: ac_nonexistent.h: No such file or directory
configure:6338: $? = 1
configure: failed program was:
| /* confdefs.h.  */
| 
| #define PACKAGE_NAME ""
| #define PACKAGE_TARNAME ""
| #define PACKAGE_VERSION ""
| #define PACKAGE_STRING ""
| #define PACKAGE_BUGREPORT ""
| #define PACKAGE "xfce4-mount-plugin"
| #define VERSION "0.3.2"
| #define STDC_HEADERS 1
| #define HAVE_SYS_TYPES_H 1
| #define HAVE_SYS_STAT_H 1
| #define HAVE_STDLIB_H 1
| #define HAVE_STRING_H 1
| #define HAVE_MEMORY_H 1
| #define HAVE_STRINGS_H 1
| #define HAVE_INTTYPES_H 1
| #define HAVE_STDINT_H 1
| #define HAVE_UNISTD_H 1
| #define HAVE_DLFCN_H 1
| #ifdef __cplusplus
| extern "C" void std::exit (int) throw (); using std::exit;
| #endif
| /* end confdefs.h.  */
| #include <ac_nonexistent.h>
configure:6435: checking for g77
configure:6464: result: no
configure:6435: checking for f77
configure:6464: result: no
configure:6435: checking for xlf
configure:6464: result: no
configure:6435: checking for frt
configure:6464: result: no
configure:6435: checking for pgf77
configure:6464: result: no
configure:6435: checking for fort77
configure:6464: result: no
configure:6435: checking for fl32
configure:6464: result: no
configure:6435: checking for af77
configure:6464: result: no
configure:6435: checking for f90
configure:6464: result: no
configure:6435: checking for xlf90
configure:6464: result: no
configure:6435: checking for pgf90
configure:6464: result: no
configure:6435: checking for epcf90
configure:6464: result: no
configure:6435: checking for f95
configure:6464: result: no
configure:6435: checking for fort
configure:6464: result: no
configure:6435: checking for xlf95
configure:6464: result: no
configure:6435: checking for ifc
configure:6464: result: no
configure:6435: checking for efc
configure:6464: result: no
configure:6435: checking for pgf95
configure:6464: result: no
configure:6435: checking for lf95
configure:6464: result: no
configure:6435: checking for gfortran
configure:6464: result: no
configure:6476: checking for Fortran 77 compiler version
configure:6479:  --version </dev/null >&5
./configure: line 6480: --version: command not found
configure:6482: $? = 127
configure:6484:  -v </dev/null >&5
./configure: line 6485: -v: command not found
configure:6487: $? = 127
configure:6489:  -V </dev/null >&5
./configure: line 6490: -V: command not found
configure:6492: $? = 127
configure:6500: checking whether we are using the GNU Fortran 77 compiler
configure:6514:  -c  conftest.F >&5
./configure: line 6515: -c: command not found
configure:6520: $? = 127
configure: failed program was:
|       program main
| #ifndef __GNUC__
|        choke me
| #endif
| 
|       end
configure:6545: result: no
configure:6551: checking whether  accepts -g
configure:6563:  -c -g conftest.f >&5
./configure: line 6564: -c: command not found
configure:6569: $? = 127
configure: failed program was:
|       program main
| 
|       end
configure:6593: result: no
configure:6623: checking the maximum length of command line arguments
configure:6715: result: 32768
configure:6726: checking command to parse /usr/bin/nm -B output from gcc object
configure:6822: gcc -c -g -O2  conftest.c >&5
configure:6825: $? = 0
configure:6829: /usr/bin/nm -B conftest.o \| sed -n -e 's/^.*[ 	]\([ABCDGIRSTW][ABCDGIRSTW]*\)[ 	][ 	]*\([_A-Za-z][_A-Za-z0-9]*\)$/\1 \2 \2/p' \> conftest.nm
configure:6832: $? = 0
configure:6884: gcc -o conftest -g -O2   conftest.c conftstm.o >&5
configure:6887: $? = 0
configure:6925: result: ok
configure:6929: checking for objdir
configure:6944: result: .libs
configure:7034: checking for ar
configure:7050: found /usr/bin/ar
configure:7061: result: ar
configure:7114: checking for ranlib
configure:7130: found /usr/bin/ranlib
configure:7141: result: ranlib
configure:7194: checking for strip
configure:7210: found /usr/bin/strip
configure:7221: result: strip
configure:7508: checking if gcc static flag  works
configure:7536: result: yes
configure:7554: checking if gcc supports -fno-rtti -fno-exceptions
configure:7572: gcc -c -g -O2  -fno-rtti -fno-exceptions conftest.c >&5
cc1: warning: "-fno-rtti" is valid for C++ but not for C/ObjC
configure:7576: $? = 0
configure:7589: result: no
configure:7604: checking for gcc option to produce PIC
configure:7808: result: -fPIC
configure:7816: checking if gcc PIC flag -fPIC works
configure:7834: gcc -c -g -O2  -fPIC -DPIC conftest.c >&5
configure:7838: $? = 0
configure:7851: result: yes
configure:7875: checking if gcc supports -c -o file.o
configure:7896: gcc -c -g -O2  -o out/conftest2.o conftest.c >&5
configure:7900: $? = 0
configure:7922: result: yes
configure:7948: checking whether the gcc linker (/usr/bin/ld) supports shared libraries
configure:8843: result: yes
configure:8869: checking whether -lc should be explicitly linked in
configure:8874: gcc -c -g -O2  conftest.c >&5
configure:8877: $? = 0
configure:8891: gcc -shared conftest.o  -v -Wl,-soname -Wl,conftest -o conftest 2\>\&1 \| grep  -lc  \>/dev/null 2\>\&1
configure:8894: $? = 0
configure:8906: result: no
configure:8914: checking dynamic linker characteristics
configure:9480: result: GNU/Linux ld.so
configure:9484: checking how to hardcode library paths into programs
configure:9509: result: immediate
configure:9523: checking whether stripping libraries is possible
configure:9528: result: yes
configure:10351: checking if libtool supports shared libraries
configure:10353: result: yes
configure:10356: checking whether to build shared libraries
configure:10377: result: yes
configure:10380: checking whether to build static libraries
configure:10384: result: yes
configure:10476: creating libtool
configure:11054: checking for ld used by g++
configure:11121: result: /usr/bin/ld
configure:11130: checking if the linker (/usr/bin/ld) is GNU ld
configure:11145: result: yes
configure:11196: checking whether the g++ linker (/usr/bin/ld) supports shared libraries
configure:12074: result: yes
configure:12092: g++ -c -g -O2  conftest.cpp >&5
configure:12095: $? = 0
configure:12205: checking for g++ option to produce PIC
configure:12473: result: -fPIC
configure:12481: checking if g++ PIC flag -fPIC works
configure:12499: g++ -c -g -O2  -fPIC -DPIC conftest.cpp >&5
configure:12503: $? = 0
configure:12516: result: yes
configure:12540: checking if g++ supports -c -o file.o
configure:12561: g++ -c -g -O2  -o out/conftest2.o conftest.cpp >&5
configure:12565: $? = 0
configure:12587: result: yes
configure:12613: checking whether the g++ linker (/usr/bin/ld) supports shared libraries
configure:12641: result: yes
configure:12712: checking dynamic linker characteristics
configure:13278: result: GNU/Linux ld.so
configure:13282: checking how to hardcode library paths into programs
configure:13307: result: immediate
configure:13321: checking whether stripping libraries is possible
configure:13326: result: yes
configure:20857: checking for ANSI C header files
configure:21012: result: yes
configure:21031: checking for pkg-config
configure:21049: found /usr/bin/pkg-config
configure:21062: result: /usr/bin/pkg-config
configure:21079: checking for xfce4-panel-1.0 >= 4.0.0
configure:21083: result: yes
configure:21087: checking XFCE4_PANEL_CFLAGS
configure:21090: result: -DXTHREADS -I/usr/include/xfce4 -I/usr/X11R6/include -I/usr/include/libxml2 -I/usr/include/gtk-2.0 -I/usr/lib/gtk-2.0/include -I/usr/include/pango-1.0 -I/usr/include/freetype2 -I/usr/include/glib-2.0 -I/usr/lib/glib-2.0/include -I/usr/include/atk-1.0  
configure:21093: checking XFCE4_PANEL_LIBS
configure:21096: result: -L/usr/X11R6/lib -lxfcegui4 -lxml2 -lz -lgtk-x11-2.0 -lxfce4util -lgdk-x11-2.0 -latk-1.0 -lgdk_pixbuf-2.0 -lm -lpangoxft-1.0 -lpangox-1.0 -lpangoft2-1.0 -lpango-1.0 -lgobject-2.0 -lgmodule-2.0 -ldl -lglib-2.0  
configure:21128: checking whether the panel is threaded
configure:21132: result: yes
configure:21149: checking where to install panel plugins
configure:21152: result: /usr/lib/xfce4/panel-plugins
configure:21182: checking locale.h usability
configure:21194: gcc -c -g -O2  conftest.c >&5
configure:21200: $? = 0
configure:21203: test -z 			 || test ! -s conftest.err
configure:21206: $? = 0
configure:21209: test -s conftest.o
configure:21212: $? = 0
configure:21222: result: yes
configure:21226: checking locale.h presence
configure:21236: gcc -E  conftest.c
configure:21242: $? = 0
configure:21262: result: yes
configure:21297: checking for locale.h
configure:21304: result: yes
configure:21318: checking for LC_MESSAGES
configure:21339: gcc -o conftest -g -O2   conftest.c  >&5
configure:21345: $? = 0
configure:21348: test -z 			 || test ! -s conftest.err
configure:21351: $? = 0
configure:21354: test -s conftest
configure:21357: $? = 0
configure:21369: result: yes
configure:21398: checking libintl.h usability
configure:21410: gcc -c -g -O2  conftest.c >&5
configure:21416: $? = 0
configure:21419: test -z 			 || test ! -s conftest.err
configure:21422: $? = 0
configure:21425: test -s conftest.o
configure:21428: $? = 0
configure:21438: result: yes
configure:21442: checking libintl.h presence
configure:21452: gcc -E  conftest.c
configure:21458: $? = 0
configure:21478: result: yes
configure:21513: checking for libintl.h
configure:21520: result: yes
configure:21531: checking for dgettext in libc
configure:21554: gcc -o conftest -g -O2   conftest.c  >&5
configure:21560: $? = 0
configure:21563: test -z 			 || test ! -s conftest.err
configure:21566: $? = 0
configure:21569: test -s conftest
configure:21572: $? = 0
configure:21585: result: yes
configure:21593: checking for bind_textdomain_codeset
configure:21650: gcc -o conftest -g -O2   conftest.c  >&5
configure:21656: $? = 0
configure:21659: test -z 			 || test ! -s conftest.err
configure:21662: $? = 0
configure:21665: test -s conftest
configure:21668: $? = 0
configure:21680: result: yes
configure:22048: checking for msgfmt
configure:22075: result: /usr/bin/msgfmt
configure:22088: checking for dcgettext
configure:22145: gcc -o conftest -g -O2   conftest.c   >&5
configure:22151: $? = 0
configure:22154: test -z 			 || test ! -s conftest.err
configure:22157: $? = 0
configure:22160: test -s conftest
configure:22163: $? = 0
configure:22175: result: yes
configure:22187: checking for gmsgfmt
configure:22218: result: /usr/bin/msgfmt
configure:22227: checking for xgettext
configure:22254: result: /usr/bin/xgettext
configure:22278: gcc -o conftest -g -O2   conftest.c   >&5
configure:22284: $? = 0
configure:22287: test -z 			 || test ! -s conftest.err
configure:22290: $? = 0
configure:22293: test -s conftest
configure:22296: $? = 0
configure:22468: checking for catalogs to be installed
configure:22493: result:  de el fr hu ko lt ru uk
configure:22526: checking for bind_textdomain_codeset
configure:22613: result: yes
configure:22617: checking for locales directory
configure:22627: result: ${prefix}/share/locale
configure:22641: checking whether to build with debugging support
configure:22664: result: no
configure:22676: checking whether to build with profiling support
configure:22683: result: no
configure:22695: checking whether to enable assert statements
configure:22702: result: yes
configure:22838: creating ./config.status

## ---------------------- ##
## Running config.status. ##
## ---------------------- ##

This file was extended by config.status, which was
generated by GNU Autoconf 2.59.  Invocation command line was

  CONFIG_FILES    = 
  CONFIG_HEADERS  = 
  CONFIG_LINKS    = 
  CONFIG_COMMANDS = 
  $ ./config.status 

on TIM3000

config.status:783: creating Makefile
config.status:783: creating xfce4-mount-plugin.spec
config.status:783: creating panel-plugin/Makefile
config.status:783: creating po/Makefile.in
config.status:849: creating config.h
config.status:1153: executing depfiles commands
config.status:1153: executing default-1 commands

## ---------------- ##
## Cache variables. ##
## ---------------- ##

ac_cv_build=i686-pc-linux-gnu
ac_cv_build_alias=i686-pc-linux-gnu
ac_cv_c_compiler_gnu=yes
ac_cv_cxx_compiler_gnu=yes
ac_cv_env_CC_set=
ac_cv_env_CC_value=
ac_cv_env_CFLAGS_set=
ac_cv_env_CFLAGS_value=
ac_cv_env_CPPFLAGS_set=
ac_cv_env_CPPFLAGS_value=
ac_cv_env_CPP_set=
ac_cv_env_CPP_value=
ac_cv_env_CXXCPP_set=
ac_cv_env_CXXCPP_value=
ac_cv_env_CXXFLAGS_set=
ac_cv_env_CXXFLAGS_value=
ac_cv_env_CXX_set=
ac_cv_env_CXX_value=
ac_cv_env_F77_set=
ac_cv_env_F77_value=
ac_cv_env_FFLAGS_set=
ac_cv_env_FFLAGS_value=
ac_cv_env_LDFLAGS_set=
ac_cv_env_LDFLAGS_value=
ac_cv_env_build_alias_set=
ac_cv_env_build_alias_value=
ac_cv_env_host_alias_set=
ac_cv_env_host_alias_value=
ac_cv_env_target_alias_set=
ac_cv_env_target_alias_value=
ac_cv_exeext=
ac_cv_f77_compiler_gnu=no
ac_cv_func_bind_textdomain_codeset=yes
ac_cv_func_dcgettext=yes
ac_cv_header_dlfcn_h=yes
ac_cv_header_inttypes_h=yes
ac_cv_header_libintl_h=yes
ac_cv_header_locale_h=yes
ac_cv_header_memory_h=yes
ac_cv_header_minix_config_h=no
ac_cv_header_stdc=yes
ac_cv_header_stdint_h=yes
ac_cv_header_stdlib_h=yes
ac_cv_header_string_h=yes
ac_cv_header_strings_h=yes
ac_cv_header_sys_stat_h=yes
ac_cv_header_sys_types_h=yes
ac_cv_header_unistd_h=yes
ac_cv_host=i686-pc-linux-gnu
ac_cv_host_alias=i686-pc-linux-gnu
ac_cv_objext=o
ac_cv_path_GMSGFMT=/usr/bin/msgfmt
ac_cv_path_MSGFMT=/usr/bin/msgfmt
ac_cv_path_PKG_CONFIG=/usr/bin/pkg-config
ac_cv_path_XGETTEXT=/usr/bin/xgettext
ac_cv_path_install='/usr/bin/install -c'
ac_cv_prog_AWK=mawk
ac_cv_prog_CPP='gcc -E'
ac_cv_prog_CXXCPP='g++ -E'
ac_cv_prog_ac_ct_AR=ar
ac_cv_prog_ac_ct_CC=gcc
ac_cv_prog_ac_ct_CXX=g++
ac_cv_prog_ac_ct_RANLIB=ranlib
ac_cv_prog_ac_ct_STRIP=strip
ac_cv_prog_cc_g=yes
ac_cv_prog_cc_stdc=
ac_cv_prog_cxx_g=yes
ac_cv_prog_egrep='grep -E'
ac_cv_prog_f77_g=no
ac_cv_prog_make_make_set=yes
ac_cv_search_strerror='none required'
am_cv_CC_dependencies_compiler_type=gcc3
am_cv_CXX_dependencies_compiler_type=gcc3
am_cv_val_LC_MESSAGES=yes
gt_cv_func_dgettext_libc=yes
gt_cv_func_dgettext_libintl=no
gt_cv_have_gettext=yes
lt_cv_deplibs_check_method=pass_all
lt_cv_file_magic_cmd='$MAGIC_CMD'
lt_cv_file_magic_test_file=
lt_cv_ld_reload_flag=-r
lt_cv_objdir=.libs
lt_cv_path_LD=/usr/bin/ld
lt_cv_path_LDCXX=/usr/bin/ld
lt_cv_path_NM='/usr/bin/nm -B'
lt_cv_path_SED=/bin/sed
lt_cv_prog_compiler_c_o=yes
lt_cv_prog_compiler_c_o_CXX=yes
lt_cv_prog_compiler_rtti_exceptions=no
lt_cv_prog_gnu_ld=yes
lt_cv_prog_gnu_ldcxx=yes
lt_cv_sys_global_symbol_pipe='sed -n -e '\''s/^.*[ 	]\([ABCDGIRSTW][ABCDGIRSTW]*\)[ 	][ 	]*\([_A-Za-z][_A-Za-z0-9]*\)$/\1 \2 \2/p'\'''
lt_cv_sys_global_symbol_to_c_name_address='sed -n -e '\''s/^: \([^ ]*\) $/  {\"\1\", (lt_ptr) 0},/p'\'' -e '\''s/^[BCDEGRST] \([^ ]*\) \([^ ]*\)$/  {"\2", (lt_ptr) \&\2},/p'\'''
lt_cv_sys_global_symbol_to_cdecl='sed -n -e '\''s/^. .* \(.*\)$/extern int \1;/p'\'''
lt_cv_sys_max_cmd_len=32768
lt_lt_cv_prog_compiler_c_o='"yes"'
lt_lt_cv_prog_compiler_c_o_CXX='"yes"'
lt_lt_cv_sys_global_symbol_pipe='"sed -n -e '\''s/^.*[ 	]\\([ABCDGIRSTW][ABCDGIRSTW]*\\)[ 	][ 	]*\\([_A-Za-z][_A-Za-z0-9]*\\)\$/\\1 \\2 \\2/p'\''"'
lt_lt_cv_sys_global_symbol_to_c_name_address='"sed -n -e '\''s/^: \\([^ ]*\\) \$/  {\\\"\\1\\\", (lt_ptr) 0},/p'\'' -e '\''s/^[BCDEGRST] \\([^ ]*\\) \\([^ ]*\\)\$/  {\"\\2\", (lt_ptr) \\&\\2},/p'\''"'
lt_lt_cv_sys_global_symbol_to_cdecl='"sed -n -e '\''s/^. .* \\(.*\\)\$/extern int \\1;/p'\''"'

## ----------------- ##
## Output variables. ##
## ----------------- ##

ACLOCAL='${SHELL} /home/tim/tmp/xfce4-mount-plugin/missing --run aclocal-1.9'
AMDEPBACKSLASH='\'
AMDEP_FALSE='#'
AMDEP_TRUE=''
AMTAR='${SHELL} /home/tim/tmp/xfce4-mount-plugin/missing --run tar'
AR='ar'
AUTOCONF='${SHELL} /home/tim/tmp/xfce4-mount-plugin/missing --run autoconf'
AUTOHEADER='${SHELL} /home/tim/tmp/xfce4-mount-plugin/missing --run autoheader'
AUTOMAKE='${SHELL} /home/tim/tmp/xfce4-mount-plugin/missing --run automake-1.9'
AWK='mawk'
CATALOGS=' de.gmo el.gmo fr.gmo hu.gmo ko.gmo lt.gmo ru.gmo uk.gmo'
CATOBJEXT='.gmo'
CC='gcc'
CCDEPMODE='depmode=gcc3'
CFLAGS='-g -O2'
CPP='gcc -E'
CPPFLAGS=''
CXX='g++'
CXXCPP='g++ -E'
CXXDEPMODE='depmode=gcc3'
CXXFLAGS='-g -O2'
CYGPATH_W='echo'
DATADIRNAME='share'
DEFS='-DHAVE_CONFIG_H'
DEPDIR='.deps'
ECHO='echo'
ECHO_C=''
ECHO_N='-n'
ECHO_T=''
EGREP='grep -E'
EXEEXT=''
F77=''
FFLAGS=''
GETTEXT_PACKAGE='xfce4-mount-plugin'
GMOFILES=' de.gmo el.gmo fr.gmo hu.gmo ko.gmo lt.gmo ru.gmo uk.gmo'
GMSGFMT='/usr/bin/msgfmt'
INSTALL_DATA='${INSTALL} -m 644'
INSTALL_PROGRAM='${INSTALL}'
INSTALL_SCRIPT='${INSTALL}'
INSTALL_STRIP_PROGRAM='${SHELL} $(install_sh) -c -s'
INSTOBJEXT='.mo'
INTLLIBS=''
LDFLAGS=''
LIBOBJS=''
LIBS=''
LIBTOOL='$(SHELL) $(top_builddir)/libtool'
LN_S='ln -s'
LTLIBOBJS=''
MAINT=''
MAINTAINER_MODE_FALSE='#'
MAINTAINER_MODE_TRUE=''
MAKEINFO='${SHELL} /home/tim/tmp/xfce4-mount-plugin/missing --run makeinfo'
MKINSTALLDIRS='./mkinstalldirs'
MSGFMT='/usr/bin/msgfmt'
OBJEXT='o'
PACKAGE='xfce4-mount-plugin'
PACKAGE_BUGREPORT=''
PACKAGE_NAME=''
PACKAGE_STRING=''
PACKAGE_TARNAME=''
PACKAGE_VERSION=''
PATH_SEPARATOR=':'
PKG_CONFIG='/usr/bin/pkg-config'
POFILES=' de.po el.po fr.po hu.po ko.po lt.po ru.po uk.po'
POSUB='po'
PO_IN_DATADIR_FALSE=''
PO_IN_DATADIR_TRUE=''
RANLIB='ranlib'
SET_MAKE=''
SHELL='/bin/sh'
STRIP='strip'
USE_NLS='yes'
VERSION='0.3.2'
XFCE4_PANEL_CFLAGS='-DXTHREADS -I/usr/include/xfce4 -I/usr/X11R6/include -I/usr/include/libxml2 -I/usr/include/gtk-2.0 -I/usr/lib/gtk-2.0/include -I/usr/include/pango-1.0 -I/usr/include/freetype2 -I/usr/include/glib-2.0 -I/usr/lib/glib-2.0/include -I/usr/include/atk-1.0   -DXFCE_PANEL_THREADED=1 -DXFCE_PANEL_LOCK\(\)=gdk_threads_enter\(\) -DXFCE_PANEL_UNLOCK\(\)=gdk_threads_leave\(\)'
XFCE4_PANEL_LIBS='-L/usr/X11R6/lib -lxfcegui4 -lxml2 -lz -lgtk-x11-2.0 -lxfce4util -lgdk-x11-2.0 -latk-1.0 -lgdk_pixbuf-2.0 -lm -lpangoxft-1.0 -lpangox-1.0 -lpangoft2-1.0 -lpango-1.0 -lgobject-2.0 -lgmodule-2.0 -ldl -lglib-2.0  '
XFCE4_PANEL_PLUGINSDIR='/usr/lib/xfce4/panel-plugins'
XFCE4_PANEL_REQUIRED_VERSION='4.0.0'
XGETTEXT='/usr/bin/xgettext'
ac_ct_AR='ar'
ac_ct_CC='gcc'
ac_ct_CXX='g++'
ac_ct_F77=''
ac_ct_RANLIB='ranlib'
ac_ct_STRIP='strip'
am__fastdepCC_FALSE='#'
am__fastdepCC_TRUE=''
am__fastdepCXX_FALSE='#'
am__fastdepCXX_TRUE=''
am__include='include'
am__leading_dot='.'
am__quote=''
am__tar='${AMTAR} chof - "$$tardir"'
am__untar='${AMTAR} xf -'
bindir='${exec_prefix}/bin'
build='i686-pc-linux-gnu'
build_alias=''
build_cpu='i686'
build_os='linux-gnu'
build_vendor='pc'
datadir='${prefix}/share'
exec_prefix='${prefix}'
host='i686-pc-linux-gnu'
host_alias=''
host_cpu='i686'
host_os='linux-gnu'
host_vendor='pc'
includedir='${prefix}/include'
infodir='${prefix}/info'
install_sh='/home/tim/tmp/xfce4-mount-plugin/install-sh'
libdir='${exec_prefix}/lib'
libexecdir='${exec_prefix}/libexec'
localedir='${prefix}/share/locale'
localstatedir='${prefix}/var'
mandir='${prefix}/man'
mkdir_p='mkdir -p --'
oldincludedir='/usr/include'
prefix='/usr/local'
program_transform_name='s,x,x,'
sbindir='${exec_prefix}/sbin'
sharedstatedir='${prefix}/com'
sysconfdir='${prefix}/etc'
target_alias=''

## ----------- ##
## confdefs.h. ##
## ----------- ##

#define ENABLE_NLS 1
#define GETTEXT_PACKAGE "xfce4-mount-plugin"
#define HAVE_BIND_TEXTDOMAIN_CODESET 1
#define HAVE_DCGETTEXT 1
#define HAVE_DLFCN_H 1
#define HAVE_GETTEXT 1
#define HAVE_INTTYPES_H 1
#define HAVE_LC_MESSAGES 1
#define HAVE_LOCALE_H 1
#define HAVE_MEMORY_H 1
#define HAVE_STDINT_H 1
#define HAVE_STDLIB_H 1
#define HAVE_STRINGS_H 1
#define HAVE_STRING_H 1
#define HAVE_SYS_STAT_H 1
#define HAVE_SYS_TYPES_H 1
#define HAVE_UNISTD_H 1
#define PACKAGE "xfce4-mount-plugin"
#define PACKAGE_BUGREPORT ""
#define PACKAGE_NAME ""
#define PACKAGE_STRING ""
#define PACKAGE_TARNAME ""
#define PACKAGE_VERSION ""
#define STDC_HEADERS 1
#define STDC_HEADERS 1
#define VERSION "0.3.2"
#endif
#ifdef __cplusplus
extern "C" void std::exit (int) throw (); using std::exit;

configure: exit 0

## ---------------------- ##
## Running config.status. ##
## ---------------------- ##

This file was extended by config.status, which was
generated by GNU Autoconf 2.59.  Invocation command line was

  CONFIG_FILES    = 
  CONFIG_HEADERS  = 
  CONFIG_LINKS    = 
  CONFIG_COMMANDS = 
  $ ./config.status config.h

on TIM3000

config.status:849: creating config.h
config.status:973: config.h is unchanged
